[debug] [2025-03-04T18:15:13.207Z] ----------------------------------------------------------------------
[debug] [2025-03-04T18:15:13.210Z] Command:       C:\Program Files\nodejs\node.exe C:\Users\willi\AppData\Roaming\npm\node_modules\firebase-tools\lib\bin\firebase.js deploy --only functions
[debug] [2025-03-04T18:15:13.210Z] CLI Version:   13.32.0
[debug] [2025-03-04T18:15:13.210Z] Platform:      win32
[debug] [2025-03-04T18:15:13.210Z] Node Version:  v20.0.0
[debug] [2025-03-04T18:15:13.210Z] Time:          Tue Mar 04 2025 10:15:13 GMT-0800 (Pacific Standard Time)
[debug] [2025-03-04T18:15:13.210Z] ----------------------------------------------------------------------
[debug] 
[debug] [2025-03-04T18:15:13.475Z] > command requires scopes: ["email","openid","https://www.googleapis.com/auth/cloudplatformprojects.readonly","https://www.googleapis.com/auth/firebase","https://www.googleapis.com/auth/cloud-platform"]
[debug] [2025-03-04T18:15:13.475Z] > authorizing via signed-in user (williamhrainey@gmail.com)
[debug] [2025-03-04T18:15:13.475Z] [iam] checking project elephantapp-21e34 for permissions ["cloudfunctions.functions.create","cloudfunctions.functions.delete","cloudfunctions.functions.get","cloudfunctions.functions.list","cloudfunctions.functions.update","cloudfunctions.operations.get","firebase.projects.get"]
[debug] [2025-03-04T18:15:13.476Z] Checked if tokens are valid: true, expires at: 1741114991078
[debug] [2025-03-04T18:15:13.476Z] Checked if tokens are valid: true, expires at: 1741114991078
[debug] [2025-03-04T18:15:13.477Z] >>> [apiv2][query] POST https://cloudresourcemanager.googleapis.com/v1/projects/elephantapp-21e34:testIamPermissions [none]
[debug] [2025-03-04T18:15:13.478Z] >>> [apiv2][(partial)header] POST https://cloudresourcemanager.googleapis.com/v1/projects/elephantapp-21e34:testIamPermissions x-goog-quota-user=projects/elephantapp-21e34
[debug] [2025-03-04T18:15:13.478Z] >>> [apiv2][body] POST https://cloudresourcemanager.googleapis.com/v1/projects/elephantapp-21e34:testIamPermissions {"permissions":["cloudfunctions.functions.create","cloudfunctions.functions.delete","cloudfunctions.functions.get","cloudfunctions.functions.list","cloudfunctions.functions.update","cloudfunctions.operations.get","firebase.projects.get"]}
[debug] [2025-03-04T18:15:14.038Z] <<< [apiv2][status] POST https://cloudresourcemanager.googleapis.com/v1/projects/elephantapp-21e34:testIamPermissions 200
[debug] [2025-03-04T18:15:14.038Z] <<< [apiv2][body] POST https://cloudresourcemanager.googleapis.com/v1/projects/elephantapp-21e34:testIamPermissions {"permissions":["cloudfunctions.functions.create","cloudfunctions.functions.delete","cloudfunctions.functions.get","cloudfunctions.functions.list","cloudfunctions.functions.update","cloudfunctions.operations.get","firebase.projects.get"]}
[debug] [2025-03-04T18:15:14.039Z] Checked if tokens are valid: true, expires at: 1741114991078
[debug] [2025-03-04T18:15:14.039Z] Checked if tokens are valid: true, expires at: 1741114991078
[debug] [2025-03-04T18:15:14.039Z] >>> [apiv2][query] POST https://iam.googleapis.com/v1/projects/elephantapp-21e34/serviceAccounts/elephantapp-21e34@appspot.gserviceaccount.com:testIamPermissions [none]
[debug] [2025-03-04T18:15:14.039Z] >>> [apiv2][body] POST https://iam.googleapis.com/v1/projects/elephantapp-21e34/serviceAccounts/elephantapp-21e34@appspot.gserviceaccount.com:testIamPermissions {"permissions":["iam.serviceAccounts.actAs"]}
[debug] [2025-03-04T18:15:14.756Z] <<< [apiv2][status] POST https://iam.googleapis.com/v1/projects/elephantapp-21e34/serviceAccounts/elephantapp-21e34@appspot.gserviceaccount.com:testIamPermissions 200
[debug] [2025-03-04T18:15:14.756Z] <<< [apiv2][body] POST https://iam.googleapis.com/v1/projects/elephantapp-21e34/serviceAccounts/elephantapp-21e34@appspot.gserviceaccount.com:testIamPermissions {"permissions":["iam.serviceAccounts.actAs"]}
[info] 
[info] === Deploying to 'elephantapp-21e34'...
[info] 
[info] i  deploying functions 
[info] Running command: npm --prefix "$RESOURCE_DIR" run lint
[info] +  functions: Finished running predeploy script. 
[debug] [2025-03-04T18:15:17.342Z] Checked if tokens are valid: true, expires at: 1741114991078
[debug] [2025-03-04T18:15:17.342Z] Checked if tokens are valid: true, expires at: 1741114991078
[debug] [2025-03-04T18:15:17.342Z] >>> [apiv2][query] GET https://cloudresourcemanager.googleapis.com/v1/projects/elephantapp-21e34 [none]
[debug] [2025-03-04T18:15:17.617Z] <<< [apiv2][status] GET https://cloudresourcemanager.googleapis.com/v1/projects/elephantapp-21e34 200
[debug] [2025-03-04T18:15:17.617Z] <<< [apiv2][body] GET https://cloudresourcemanager.googleapis.com/v1/projects/elephantapp-21e34 {"projectNumber":"572276226266","projectId":"elephantapp-21e34","lifecycleState":"ACTIVE","name":"elephantApp","labels":{"firebase":"enabled"},"createTime":"2023-10-13T18:11:40.318027Z"}
[info] i  functions: preparing codebase default for deployment 
[info] i  functions: ensuring required API cloudfunctions.googleapis.com is enabled... 
[debug] [2025-03-04T18:15:17.623Z] Checked if tokens are valid: true, expires at: 1741114991078
[debug] [2025-03-04T18:15:17.624Z] Checked if tokens are valid: true, expires at: 1741114991078
[debug] [2025-03-04T18:15:17.624Z] Checked if tokens are valid: true, expires at: 1741114991078
[debug] [2025-03-04T18:15:17.624Z] Checked if tokens are valid: true, expires at: 1741114991078
[info] i  functions: ensuring required API cloudbuild.googleapis.com is enabled... 
[debug] [2025-03-04T18:15:17.627Z] Checked if tokens are valid: true, expires at: 1741114991078
[debug] [2025-03-04T18:15:17.627Z] Checked if tokens are valid: true, expires at: 1741114991078
[info] i  artifactregistry: ensuring required API artifactregistry.googleapis.com is enabled... 
[debug] [2025-03-04T18:15:17.628Z] Checked if tokens are valid: true, expires at: 1741114991078
[debug] [2025-03-04T18:15:17.628Z] Checked if tokens are valid: true, expires at: 1741114991078
[debug] [2025-03-04T18:15:17.628Z] >>> [apiv2][query] GET https://serviceusage.googleapis.com/v1/projects/elephantapp-21e34/services/cloudfunctions.googleapis.com [none]
[debug] [2025-03-04T18:15:17.628Z] >>> [apiv2][(partial)header] GET https://serviceusage.googleapis.com/v1/projects/elephantapp-21e34/services/cloudfunctions.googleapis.com x-goog-quota-user=projects/elephantapp-21e34
[debug] [2025-03-04T18:15:17.629Z] >>> [apiv2][query] GET https://serviceusage.googleapis.com/v1/projects/elephantapp-21e34/services/runtimeconfig.googleapis.com [none]
[debug] [2025-03-04T18:15:17.629Z] >>> [apiv2][(partial)header] GET https://serviceusage.googleapis.com/v1/projects/elephantapp-21e34/services/runtimeconfig.googleapis.com x-goog-quota-user=projects/elephantapp-21e34
[debug] [2025-03-04T18:15:17.630Z] >>> [apiv2][query] GET https://serviceusage.googleapis.com/v1/projects/elephantapp-21e34/services/cloudbuild.googleapis.com [none]
[debug] [2025-03-04T18:15:17.630Z] >>> [apiv2][(partial)header] GET https://serviceusage.googleapis.com/v1/projects/elephantapp-21e34/services/cloudbuild.googleapis.com x-goog-quota-user=projects/elephantapp-21e34
[debug] [2025-03-04T18:15:17.631Z] >>> [apiv2][query] GET https://serviceusage.googleapis.com/v1/projects/elephantapp-21e34/services/artifactregistry.googleapis.com [none]
[debug] [2025-03-04T18:15:17.631Z] >>> [apiv2][(partial)header] GET https://serviceusage.googleapis.com/v1/projects/elephantapp-21e34/services/artifactregistry.googleapis.com x-goog-quota-user=projects/elephantapp-21e34
[debug] [2025-03-04T18:15:18.159Z] <<< [apiv2][status] GET https://serviceusage.googleapis.com/v1/projects/elephantapp-21e34/services/runtimeconfig.googleapis.com 200
[debug] [2025-03-04T18:15:18.159Z] <<< [apiv2][body] GET https://serviceusage.googleapis.com/v1/projects/elephantapp-21e34/services/runtimeconfig.googleapis.com [omitted]
[debug] [2025-03-04T18:15:18.160Z] <<< [apiv2][status] GET https://serviceusage.googleapis.com/v1/projects/elephantapp-21e34/services/artifactregistry.googleapis.com 200
[debug] [2025-03-04T18:15:18.161Z] <<< [apiv2][body] GET https://serviceusage.googleapis.com/v1/projects/elephantapp-21e34/services/artifactregistry.googleapis.com [omitted]
[info] +  artifactregistry: required API artifactregistry.googleapis.com is enabled 
[debug] [2025-03-04T18:15:18.177Z] <<< [apiv2][status] GET https://serviceusage.googleapis.com/v1/projects/elephantapp-21e34/services/cloudbuild.googleapis.com 200
[debug] [2025-03-04T18:15:18.178Z] <<< [apiv2][body] GET https://serviceusage.googleapis.com/v1/projects/elephantapp-21e34/services/cloudbuild.googleapis.com [omitted]
[info] +  functions: required API cloudbuild.googleapis.com is enabled 
[debug] [2025-03-04T18:15:18.388Z] <<< [apiv2][status] GET https://serviceusage.googleapis.com/v1/projects/elephantapp-21e34/services/cloudfunctions.googleapis.com 200
[debug] [2025-03-04T18:15:18.388Z] <<< [apiv2][body] GET https://serviceusage.googleapis.com/v1/projects/elephantapp-21e34/services/cloudfunctions.googleapis.com [omitted]
[info] +  functions: required API cloudfunctions.googleapis.com is enabled 
[debug] [2025-03-04T18:15:18.391Z] Checked if tokens are valid: true, expires at: 1741114991078
[debug] [2025-03-04T18:15:18.391Z] Checked if tokens are valid: true, expires at: 1741114991078
[debug] [2025-03-04T18:15:18.392Z] >>> [apiv2][query] GET https://firebase.googleapis.com/v1beta1/projects/elephantapp-21e34/adminSdkConfig [none]
[debug] [2025-03-04T18:15:19.239Z] <<< [apiv2][status] GET https://firebase.googleapis.com/v1beta1/projects/elephantapp-21e34/adminSdkConfig 200
[debug] [2025-03-04T18:15:19.240Z] <<< [apiv2][body] GET https://firebase.googleapis.com/v1beta1/projects/elephantapp-21e34/adminSdkConfig {"projectId":"elephantapp-21e34","storageBucket":"elephantapp-21e34.appspot.com","locationId":"us-central"}
[debug] [2025-03-04T18:15:19.241Z] Checked if tokens are valid: true, expires at: 1741114991078
[debug] [2025-03-04T18:15:19.241Z] Checked if tokens are valid: true, expires at: 1741114991078
[debug] [2025-03-04T18:15:19.242Z] >>> [apiv2][query] GET https://runtimeconfig.googleapis.com/v1beta1/projects/elephantapp-21e34/configs [none]
[debug] [2025-03-04T18:15:19.763Z] <<< [apiv2][status] GET https://runtimeconfig.googleapis.com/v1beta1/projects/elephantapp-21e34/configs 200
[debug] [2025-03-04T18:15:19.763Z] <<< [apiv2][body] GET https://runtimeconfig.googleapis.com/v1beta1/projects/elephantapp-21e34/configs {}
[debug] [2025-03-04T18:15:19.765Z] Validating nodejs source
[debug] [2025-03-04T18:15:21.607Z] > [functions] package.json contents: {
  "name": "functions",
  "description": "Cloud Functions for Firebase",
  "scripts": {
    "lint": "eslint .",
    "serve": "firebase emulators:start --only functions",
    "shell": "firebase functions:shell",
    "start": "npm run shell",
    "deploy": "firebase deploy --only functions",
    "logs": "firebase functions:log"
  },
  "engines": {
    "node": "22"
  },
  "main": "index.js",
  "dependencies": {
    "firebase-admin": "^12.6.0",
    "firebase-functions": "^6.0.1"
  },
  "devDependencies": {
    "eslint": "^8.15.0",
    "eslint-config-google": "^0.14.0",
    "firebase-functions-test": "^3.1.0"
  },
  "private": true
}
[debug] [2025-03-04T18:15:21.607Z] Building nodejs source
[info] i  functions: Loading and analyzing source code for codebase default to determine what to deploy 
[debug] [2025-03-04T18:15:21.610Z] Could not find functions.yaml. Must use http discovery
[debug] [2025-03-04T18:15:21.622Z] Found firebase-functions binary at 'C:\Users\willi\Desktop\will\elephant-native\functions\node_modules\.bin\firebase-functions'
[info] Serving at port 8522

[debug] [2025-03-04T18:15:22.202Z] Got response from /__/functions.yaml {"endpoints":{"helloWorld":{"availableMemoryMb":null,"timeoutSeconds":null,"minInstances":null,"maxInstances":null,"ingressSettings":null,"concurrency":null,"serviceAccountEmail":null,"vpc":null,"platform":"gcfv2","labels":{},"httpsTrigger":{},"entryPoint":"helloWorld"}},"specVersion":"v1alpha1","requiredAPIs":[],"extensions":{}}
[info] i  extensions: ensuring required API firebaseextensions.googleapis.com is enabled... 
[debug] [2025-03-04T18:15:27.267Z] Checked if tokens are valid: true, expires at: 1741114991078
[debug] [2025-03-04T18:15:27.267Z] Checked if tokens are valid: true, expires at: 1741114991078
[debug] [2025-03-04T18:15:27.267Z] >>> [apiv2][query] GET https://serviceusage.googleapis.com/v1/projects/elephantapp-21e34/services/firebaseextensions.googleapis.com [none]
[debug] [2025-03-04T18:15:27.267Z] >>> [apiv2][(partial)header] GET https://serviceusage.googleapis.com/v1/projects/elephantapp-21e34/services/firebaseextensions.googleapis.com x-goog-quota-user=projects/elephantapp-21e34
[debug] [2025-03-04T18:15:27.813Z] <<< [apiv2][status] GET https://serviceusage.googleapis.com/v1/projects/elephantapp-21e34/services/firebaseextensions.googleapis.com 200
[debug] [2025-03-04T18:15:27.813Z] <<< [apiv2][body] GET https://serviceusage.googleapis.com/v1/projects/elephantapp-21e34/services/firebaseextensions.googleapis.com [omitted]
[info] +  extensions: required API firebaseextensions.googleapis.com is enabled 
[debug] [2025-03-04T18:15:27.817Z] > command requires scopes: ["email","openid","https://www.googleapis.com/auth/cloudplatformprojects.readonly","https://www.googleapis.com/auth/firebase","https://www.googleapis.com/auth/cloud-platform"]
[debug] [2025-03-04T18:15:27.817Z] > authorizing via signed-in user (williamhrainey@gmail.com)
[debug] [2025-03-04T18:15:27.817Z] [iam] checking project elephantapp-21e34 for permissions ["firebase.projects.get","firebaseextensions.instances.list"]
[debug] [2025-03-04T18:15:27.817Z] Checked if tokens are valid: true, expires at: 1741114991078
[debug] [2025-03-04T18:15:27.817Z] Checked if tokens are valid: true, expires at: 1741114991078
[debug] [2025-03-04T18:15:27.817Z] >>> [apiv2][query] POST https://cloudresourcemanager.googleapis.com/v1/projects/elephantapp-21e34:testIamPermissions [none]
[debug] [2025-03-04T18:15:27.818Z] >>> [apiv2][(partial)header] POST https://cloudresourcemanager.googleapis.com/v1/projects/elephantapp-21e34:testIamPermissions x-goog-quota-user=projects/elephantapp-21e34
[debug] [2025-03-04T18:15:27.818Z] >>> [apiv2][body] POST https://cloudresourcemanager.googleapis.com/v1/projects/elephantapp-21e34:testIamPermissions {"permissions":["firebase.projects.get","firebaseextensions.instances.list"]}
[debug] [2025-03-04T18:15:28.265Z] <<< [apiv2][status] POST https://cloudresourcemanager.googleapis.com/v1/projects/elephantapp-21e34:testIamPermissions 200
[debug] [2025-03-04T18:15:28.265Z] <<< [apiv2][body] POST https://cloudresourcemanager.googleapis.com/v1/projects/elephantapp-21e34:testIamPermissions {"permissions":["firebase.projects.get","firebaseextensions.instances.list"]}
[debug] [2025-03-04T18:15:28.266Z] Checked if tokens are valid: true, expires at: 1741114991078
[debug] [2025-03-04T18:15:28.266Z] Checked if tokens are valid: true, expires at: 1741114991078
[debug] [2025-03-04T18:15:28.268Z] >>> [apiv2][query] GET https://firebaseextensions.googleapis.com/v1beta/projects/elephantapp-21e34/instances pageSize=100&pageToken=
[debug] [2025-03-04T18:15:29.027Z] <<< [apiv2][status] GET https://firebaseextensions.googleapis.com/v1beta/projects/elephantapp-21e34/instances 200
[debug] [2025-03-04T18:15:29.027Z] <<< [apiv2][body] GET https://firebaseextensions.googleapis.com/v1beta/projects/elephantapp-21e34/instances {}
[info] i  functions: preparing functions directory for uploading... 
[info] i  functions: packaged C:\Users\willi\Desktop\will\elephant-native\functions (78.39 KB) for uploading 
[debug] [2025-03-04T18:15:29.078Z] Checked if tokens are valid: true, expires at: 1741114991078
[debug] [2025-03-04T18:15:29.078Z] Checked if tokens are valid: true, expires at: 1741114991078
[debug] [2025-03-04T18:15:29.078Z] >>> [apiv2][query] GET https://cloudfunctions.googleapis.com/v1/projects/elephantapp-21e34/locations/-/functions [none]
[debug] [2025-03-04T18:15:29.838Z] <<< [apiv2][status] GET https://cloudfunctions.googleapis.com/v1/projects/elephantapp-21e34/locations/-/functions 200
[debug] [2025-03-04T18:15:29.838Z] <<< [apiv2][body] GET https://cloudfunctions.googleapis.com/v1/projects/elephantapp-21e34/locations/-/functions {}
[debug] [2025-03-04T18:15:29.839Z] Checked if tokens are valid: true, expires at: 1741114991078
[debug] [2025-03-04T18:15:29.839Z] Checked if tokens are valid: true, expires at: 1741114991078
[debug] [2025-03-04T18:15:29.840Z] >>> [apiv2][query] GET https://cloudfunctions.googleapis.com/v2/projects/elephantapp-21e34/locations/-/functions filter=environment%3D%22GEN_2%22
[debug] [2025-03-04T18:15:30.494Z] <<< [apiv2][status] GET https://cloudfunctions.googleapis.com/v2/projects/elephantapp-21e34/locations/-/functions 200
[debug] [2025-03-04T18:15:30.494Z] <<< [apiv2][body] GET https://cloudfunctions.googleapis.com/v2/projects/elephantapp-21e34/locations/-/functions {}
[info] i  functions: ensuring required API run.googleapis.com is enabled... 
[debug] [2025-03-04T18:15:30.498Z] Checked if tokens are valid: true, expires at: 1741114991078
[debug] [2025-03-04T18:15:30.498Z] Checked if tokens are valid: true, expires at: 1741114991078
[info] i  functions: ensuring required API eventarc.googleapis.com is enabled... 
[debug] [2025-03-04T18:15:30.499Z] Checked if tokens are valid: true, expires at: 1741114991078
[debug] [2025-03-04T18:15:30.499Z] Checked if tokens are valid: true, expires at: 1741114991078
[info] i  functions: ensuring required API pubsub.googleapis.com is enabled... 
[debug] [2025-03-04T18:15:30.500Z] Checked if tokens are valid: true, expires at: 1741114991078
[debug] [2025-03-04T18:15:30.500Z] Checked if tokens are valid: true, expires at: 1741114991078
[info] i  functions: ensuring required API storage.googleapis.com is enabled... 
[debug] [2025-03-04T18:15:30.502Z] Checked if tokens are valid: true, expires at: 1741114991078
[debug] [2025-03-04T18:15:30.502Z] Checked if tokens are valid: true, expires at: 1741114991078
[debug] [2025-03-04T18:15:30.502Z] >>> [apiv2][query] GET https://serviceusage.googleapis.com/v1/projects/elephantapp-21e34/services/run.googleapis.com [none]
[debug] [2025-03-04T18:15:30.502Z] >>> [apiv2][(partial)header] GET https://serviceusage.googleapis.com/v1/projects/elephantapp-21e34/services/run.googleapis.com x-goog-quota-user=projects/elephantapp-21e34
[debug] [2025-03-04T18:15:30.502Z] >>> [apiv2][query] GET https://serviceusage.googleapis.com/v1/projects/elephantapp-21e34/services/eventarc.googleapis.com [none]
[debug] [2025-03-04T18:15:30.502Z] >>> [apiv2][(partial)header] GET https://serviceusage.googleapis.com/v1/projects/elephantapp-21e34/services/eventarc.googleapis.com x-goog-quota-user=projects/elephantapp-21e34
[debug] [2025-03-04T18:15:30.504Z] >>> [apiv2][query] GET https://serviceusage.googleapis.com/v1/projects/elephantapp-21e34/services/pubsub.googleapis.com [none]
[debug] [2025-03-04T18:15:30.504Z] >>> [apiv2][(partial)header] GET https://serviceusage.googleapis.com/v1/projects/elephantapp-21e34/services/pubsub.googleapis.com x-goog-quota-user=projects/elephantapp-21e34
[debug] [2025-03-04T18:15:30.505Z] >>> [apiv2][query] GET https://serviceusage.googleapis.com/v1/projects/elephantapp-21e34/services/storage.googleapis.com [none]
[debug] [2025-03-04T18:15:30.505Z] >>> [apiv2][(partial)header] GET https://serviceusage.googleapis.com/v1/projects/elephantapp-21e34/services/storage.googleapis.com x-goog-quota-user=projects/elephantapp-21e34
[debug] [2025-03-04T18:15:30.723Z] <<< [apiv2][status] GET https://serviceusage.googleapis.com/v1/projects/elephantapp-21e34/services/run.googleapis.com 200
[debug] [2025-03-04T18:15:30.723Z] <<< [apiv2][body] GET https://serviceusage.googleapis.com/v1/projects/elephantapp-21e34/services/run.googleapis.com [omitted]
[info] +  functions: required API run.googleapis.com is enabled 
[debug] [2025-03-04T18:15:31.034Z] <<< [apiv2][status] GET https://serviceusage.googleapis.com/v1/projects/elephantapp-21e34/services/storage.googleapis.com 200
[debug] [2025-03-04T18:15:31.035Z] <<< [apiv2][body] GET https://serviceusage.googleapis.com/v1/projects/elephantapp-21e34/services/storage.googleapis.com [omitted]
[info] +  functions: required API storage.googleapis.com is enabled 
[debug] [2025-03-04T18:15:31.056Z] <<< [apiv2][status] GET https://serviceusage.googleapis.com/v1/projects/elephantapp-21e34/services/eventarc.googleapis.com 200
[debug] [2025-03-04T18:15:31.057Z] <<< [apiv2][body] GET https://serviceusage.googleapis.com/v1/projects/elephantapp-21e34/services/eventarc.googleapis.com [omitted]
[info] +  functions: required API eventarc.googleapis.com is enabled 
[debug] [2025-03-04T18:15:31.098Z] <<< [apiv2][status] GET https://serviceusage.googleapis.com/v1/projects/elephantapp-21e34/services/pubsub.googleapis.com 200
[debug] [2025-03-04T18:15:31.099Z] <<< [apiv2][body] GET https://serviceusage.googleapis.com/v1/projects/elephantapp-21e34/services/pubsub.googleapis.com [omitted]
[info] +  functions: required API pubsub.googleapis.com is enabled 
[info] i  functions: generating the service identity for pubsub.googleapis.com... 
[debug] [2025-03-04T18:15:31.107Z] Checked if tokens are valid: true, expires at: 1741114991078
[debug] [2025-03-04T18:15:31.107Z] Checked if tokens are valid: true, expires at: 1741114991078
[info] i  functions: generating the service identity for eventarc.googleapis.com... 
[debug] [2025-03-04T18:15:31.108Z] Checked if tokens are valid: true, expires at: 1741114991078
[debug] [2025-03-04T18:15:31.108Z] Checked if tokens are valid: true, expires at: 1741114991078
[debug] [2025-03-04T18:15:31.108Z] >>> [apiv2][query] POST https://serviceusage.googleapis.com/v1beta1/projects/572276226266/services/pubsub.googleapis.com:generateServiceIdentity [none]
[debug] [2025-03-04T18:15:31.108Z] >>> [apiv2][query] POST https://serviceusage.googleapis.com/v1beta1/projects/572276226266/services/eventarc.googleapis.com:generateServiceIdentity [none]
[debug] [2025-03-04T18:15:31.425Z] <<< [apiv2][status] POST https://serviceusage.googleapis.com/v1beta1/projects/572276226266/services/pubsub.googleapis.com:generateServiceIdentity 200
[debug] [2025-03-04T18:15:31.425Z] <<< [apiv2][body] POST https://serviceusage.googleapis.com/v1beta1/projects/572276226266/services/pubsub.googleapis.com:generateServiceIdentity {"name":"operations/finished.DONE_OPERATION","done":true,"response":{"@type":"type.googleapis.com/google.api.serviceusage.v1beta1.ServiceIdentity","email":"service-572276226266@gcp-sa-pubsub.iam.gserviceaccount.com","uniqueId":"102159945765775608344"}}
[debug] [2025-03-04T18:15:31.468Z] <<< [apiv2][status] POST https://serviceusage.googleapis.com/v1beta1/projects/572276226266/services/eventarc.googleapis.com:generateServiceIdentity 200
[debug] [2025-03-04T18:15:31.469Z] <<< [apiv2][body] POST https://serviceusage.googleapis.com/v1beta1/projects/572276226266/services/eventarc.googleapis.com:generateServiceIdentity {"name":"operations/finished.DONE_OPERATION","done":true,"response":{"@type":"type.googleapis.com/google.api.serviceusage.v1beta1.ServiceIdentity","email":"service-572276226266@gcp-sa-eventarc.iam.gserviceaccount.com","uniqueId":"109749100833415084148"}}
[debug] [2025-03-04T18:15:31.471Z] Checked if tokens are valid: true, expires at: 1741114991078
[debug] [2025-03-04T18:15:31.471Z] Checked if tokens are valid: true, expires at: 1741114991078
[debug] [2025-03-04T18:15:31.471Z] >>> [apiv2][query] GET https://cloudresourcemanager.googleapis.com/v1/projects/elephantapp-21e34 [none]
[debug] [2025-03-04T18:15:31.653Z] <<< [apiv2][status] GET https://cloudresourcemanager.googleapis.com/v1/projects/elephantapp-21e34 200
[debug] [2025-03-04T18:15:31.653Z] <<< [apiv2][body] GET https://cloudresourcemanager.googleapis.com/v1/projects/elephantapp-21e34 {"projectNumber":"572276226266","projectId":"elephantapp-21e34","lifecycleState":"ACTIVE","name":"elephantApp","labels":{"firebase":"enabled"},"createTime":"2023-10-13T18:11:40.318027Z"}
[debug] [2025-03-04T18:15:31.657Z] Checked if tokens are valid: true, expires at: 1741114991078
[debug] [2025-03-04T18:15:31.657Z] Checked if tokens are valid: true, expires at: 1741114991078
[debug] [2025-03-04T18:15:31.657Z] >>> [apiv2][query] GET https://cloudbilling.googleapis.com/v1/projects/elephantapp-21e34/billingInfo [none]
[debug] [2025-03-04T18:15:32.238Z] <<< [apiv2][status] GET https://cloudbilling.googleapis.com/v1/projects/elephantapp-21e34/billingInfo 200
[debug] [2025-03-04T18:15:32.238Z] <<< [apiv2][body] GET https://cloudbilling.googleapis.com/v1/projects/elephantapp-21e34/billingInfo {"name":"projects/elephantapp-21e34/billingInfo","projectId":"elephantapp-21e34","billingAccountName":"billingAccounts/01F231-CF65B3-E39E11","billingEnabled":true}
[debug] [2025-03-04T18:15:32.240Z] [functions] found 1 new HTTP functions, testing setIamPolicy permission...
[debug] [2025-03-04T18:15:32.240Z] Checked if tokens are valid: true, expires at: 1741114991078
[debug] [2025-03-04T18:15:32.240Z] Checked if tokens are valid: true, expires at: 1741114991078
[debug] [2025-03-04T18:15:32.241Z] >>> [apiv2][query] POST https://cloudresourcemanager.googleapis.com/v1/projects/elephantapp-21e34:testIamPermissions [none]
[debug] [2025-03-04T18:15:32.241Z] >>> [apiv2][(partial)header] POST https://cloudresourcemanager.googleapis.com/v1/projects/elephantapp-21e34:testIamPermissions x-goog-quota-user=projects/elephantapp-21e34
[debug] [2025-03-04T18:15:32.241Z] >>> [apiv2][body] POST https://cloudresourcemanager.googleapis.com/v1/projects/elephantapp-21e34:testIamPermissions {"permissions":["cloudfunctions.functions.setIamPolicy"]}
[debug] [2025-03-04T18:15:32.358Z] <<< [apiv2][status] POST https://cloudresourcemanager.googleapis.com/v1/projects/elephantapp-21e34:testIamPermissions 200
[debug] [2025-03-04T18:15:32.358Z] <<< [apiv2][body] POST https://cloudresourcemanager.googleapis.com/v1/projects/elephantapp-21e34:testIamPermissions {"permissions":["cloudfunctions.functions.setIamPolicy"]}
[debug] [2025-03-04T18:15:32.359Z] [functions] found setIamPolicy permission, proceeding with deploy
[debug] [2025-03-04T18:15:32.359Z] Checked if tokens are valid: true, expires at: 1741114991078
[debug] [2025-03-04T18:15:32.360Z] Checked if tokens are valid: true, expires at: 1741114991078
[debug] [2025-03-04T18:15:32.360Z] >>> [apiv2][query] POST https://cloudfunctions.googleapis.com/v2/projects/elephantapp-21e34/locations/us-central1/functions:generateUploadUrl [none]
[debug] [2025-03-04T18:15:32.873Z] <<< [apiv2][status] POST https://cloudfunctions.googleapis.com/v2/projects/elephantapp-21e34/locations/us-central1/functions:generateUploadUrl 200
[debug] [2025-03-04T18:15:32.874Z] <<< [apiv2][body] POST https://cloudfunctions.googleapis.com/v2/projects/elephantapp-21e34/locations/us-central1/functions:generateUploadUrl {"uploadUrl":"https://storage.googleapis.com/gcf-v2-uploads-572276226266.us-central1.cloudfunctions.appspot.com/b498b691-c9b3-4b26-9d23-ac6027e883c8.zip?GoogleAccessId=service-572276226266@gcf-admin-robot.iam.gserviceaccount.com&Expires=1741113931&Signature=MkQVIykIJR1MryzTZvjIXDWI2e6X0wSQ0%2BohIPQXv5nN9CnGebZTvW6u0I%2BHKUv1wlrEoeL6XPPptyIW44fnkViGJNuoorMescq%2FtaINRWfXPJH3M0TZN%2BMTLWalK%2F2cSf6BBAt8fm541rOumW%2FG%2F9F9fSKjmh5%2BbTt9r2eeu4A18QPyeEZ9PovQ%2BK8RfIKTH8Cc50p%2FPGhpMY5rf5e0%2BK3QiE%2FiWuiwD8tA%2BnKlQxxYzn40u6zkN%2FFvFFUyCmSI7AjArbtgybntuqTjC%2FHXbuLwF8wto8VbtxO%2FBG4osmGUBECkbQ1A%2B7Ddh3QwlXMzp%2BwWMxMA05CZIyXHi5c2zw%3D%3D","storageSource":{"bucket":"gcf-v2-uploads-572276226266.us-central1.cloudfunctions.appspot.com","object":"b498b691-c9b3-4b26-9d23-ac6027e883c8.zip"}}
[debug] [2025-03-04T18:15:32.876Z] >>> [apiv2][query] PUT https://storage.googleapis.com/gcf-v2-uploads-572276226266.us-central1.cloudfunctions.appspot.com/b498b691-c9b3-4b26-9d23-ac6027e883c8.zip GoogleAccessId=service-572276226266%40gcf-admin-robot.iam.gserviceaccount.com&Expires=1741113931&Signature=MkQVIykIJR1MryzTZvjIXDWI2e6X0wSQ0%2BohIPQXv5nN9CnGebZTvW6u0I%2BHKUv1wlrEoeL6XPPptyIW44fnkViGJNuoorMescq%2FtaINRWfXPJH3M0TZN%2BMTLWalK%2F2cSf6BBAt8fm541rOumW%2FG%2F9F9fSKjmh5%2BbTt9r2eeu4A18QPyeEZ9PovQ%2BK8RfIKTH8Cc50p%2FPGhpMY5rf5e0%2BK3QiE%2FiWuiwD8tA%2BnKlQxxYzn40u6zkN%2FFvFFUyCmSI7AjArbtgybntuqTjC%2FHXbuLwF8wto8VbtxO%2FBG4osmGUBECkbQ1A%2B7Ddh3QwlXMzp%2BwWMxMA05CZIyXHi5c2zw%3D%3D
[debug] [2025-03-04T18:15:32.876Z] >>> [apiv2][body] PUT https://storage.googleapis.com/gcf-v2-uploads-572276226266.us-central1.cloudfunctions.appspot.com/b498b691-c9b3-4b26-9d23-ac6027e883c8.zip [stream]
[debug] [2025-03-04T18:15:34.002Z] <<< [apiv2][status] PUT https://storage.googleapis.com/gcf-v2-uploads-572276226266.us-central1.cloudfunctions.appspot.com/b498b691-c9b3-4b26-9d23-ac6027e883c8.zip 200
[debug] [2025-03-04T18:15:34.003Z] <<< [apiv2][body] PUT https://storage.googleapis.com/gcf-v2-uploads-572276226266.us-central1.cloudfunctions.appspot.com/b498b691-c9b3-4b26-9d23-ac6027e883c8.zip [omitted]
[info] +  functions: functions folder uploaded successfully 
[info] i  functions: creating Node.js 22 (2nd Gen) function helloWorld(us-central1)... 
[debug] [2025-03-04T18:15:34.015Z] Checked if tokens are valid: true, expires at: 1741114991078
[debug] [2025-03-04T18:15:34.015Z] Checked if tokens are valid: true, expires at: 1741114991078
[debug] [2025-03-04T18:15:34.016Z] >>> [apiv2][query] POST https://cloudfunctions.googleapis.com/v2/projects/elephantapp-21e34/locations/us-central1/functions functionId=helloWorld
[debug] [2025-03-04T18:15:34.016Z] >>> [apiv2][body] POST https://cloudfunctions.googleapis.com/v2/projects/elephantapp-21e34/locations/us-central1/functions {"name":"projects/elephantapp-21e34/locations/us-central1/functions/helloWorld","buildConfig":{"runtime":"nodejs22","entryPoint":"helloWorld","source":{"storageSource":{"bucket":"gcf-v2-uploads-572276226266.us-central1.cloudfunctions.appspot.com","object":"b498b691-c9b3-4b26-9d23-ac6027e883c8.zip"}},"environmentVariables":{"GOOGLE_NODE_RUN_SCRIPTS":""}},"serviceConfig":{"environmentVariables":{"FIREBASE_CONFIG":"{\"projectId\":\"elephantapp-21e34\",\"storageBucket\":\"elephantapp-21e34.appspot.com\",\"locationId\":\"us-central\"}","GCLOUD_PROJECT":"elephantapp-21e34","EVENTARC_CLOUD_EVENT_SOURCE":"projects/elephantapp-21e34/locations/us-central1/services/helloWorld","FUNCTION_TARGET":"helloWorld"},"ingressSettings":null,"timeoutSeconds":null,"serviceAccountEmail":null,"availableMemory":"256Mi","minInstanceCount":null,"maxInstanceCount":null,"maxInstanceRequestConcurrency":80,"availableCpu":"1","vpcConnector":null,"vpcConnectorEgressSettings":null},"labels":{"deployment-tool":"cli-firebase","firebase-functions-hash":"82fb29c5e5550af8691706e1d80c556ff84e11a6"}}
[debug] [2025-03-04T18:15:35.050Z] <<< [apiv2][status] POST https://cloudfunctions.googleapis.com/v2/projects/elephantapp-21e34/locations/us-central1/functions 200
[debug] [2025-03-04T18:15:35.051Z] <<< [apiv2][body] POST https://cloudfunctions.googleapis.com/v2/projects/elephantapp-21e34/locations/us-central1/functions {"name":"projects/elephantapp-21e34/locations/us-central1/operations/operation-1741112133129-62f8842359341-31572214-983cb6b8","metadata":{"@type":"type.googleapis.com/google.cloud.functions.v2.OperationMetadata","createTime":"2025-03-04T18:15:33.747569131Z","target":"projects/elephantapp-21e34/locations/us-central1/functions/helloWorld","verb":"create","cancelRequested":false,"apiVersion":"v2"},"done":false}
[debug] [2025-03-04T18:15:35.051Z] Checked if tokens are valid: true, expires at: 1741114991078
[debug] [2025-03-04T18:15:35.051Z] Checked if tokens are valid: true, expires at: 1741114991078
[debug] [2025-03-04T18:15:35.051Z] >>> [apiv2][query] GET https://cloudfunctions.googleapis.com/v2/projects/elephantapp-21e34/locations/us-central1/operations/operation-1741112133129-62f8842359341-31572214-983cb6b8 [none]
[debug] [2025-03-04T18:15:35.344Z] <<< [apiv2][status] GET https://cloudfunctions.googleapis.com/v2/projects/elephantapp-21e34/locations/us-central1/operations/operation-1741112133129-62f8842359341-31572214-983cb6b8 200
[debug] [2025-03-04T18:15:35.344Z] <<< [apiv2][body] GET https://cloudfunctions.googleapis.com/v2/projects/elephantapp-21e34/locations/us-central1/operations/operation-1741112133129-62f8842359341-31572214-983cb6b8 {"name":"projects/elephantapp-21e34/locations/us-central1/operations/operation-1741112133129-62f8842359341-31572214-983cb6b8","metadata":{"@type":"type.googleapis.com/google.cloud.functions.v2.OperationMetadata","createTime":"2025-03-04T18:15:33.747569131Z","target":"projects/elephantapp-21e34/locations/us-central1/functions/helloWorld","verb":"create","cancelRequested":false,"apiVersion":"v2"},"done":false}
[debug] [2025-03-04T18:15:35.853Z] [create-default-us-central1-helloWorld] Retrying task index 0
[debug] [2025-03-04T18:15:35.854Z] Checked if tokens are valid: true, expires at: 1741114991078
[debug] [2025-03-04T18:15:35.854Z] Checked if tokens are valid: true, expires at: 1741114991078
[debug] [2025-03-04T18:15:35.855Z] >>> [apiv2][query] GET https://cloudfunctions.googleapis.com/v2/projects/elephantapp-21e34/locations/us-central1/operations/operation-1741112133129-62f8842359341-31572214-983cb6b8 [none]
[debug] [2025-03-04T18:15:36.227Z] <<< [apiv2][status] GET https://cloudfunctions.googleapis.com/v2/projects/elephantapp-21e34/locations/us-central1/operations/operation-1741112133129-62f8842359341-31572214-983cb6b8 200
[debug] [2025-03-04T18:15:36.227Z] <<< [apiv2][body] GET https://cloudfunctions.googleapis.com/v2/projects/elephantapp-21e34/locations/us-central1/operations/operation-1741112133129-62f8842359341-31572214-983cb6b8 {"name":"projects/elephantapp-21e34/locations/us-central1/operations/operation-1741112133129-62f8842359341-31572214-983cb6b8","metadata":{"@type":"type.googleapis.com/google.cloud.functions.v2.OperationMetadata","createTime":"2025-03-04T18:15:33.747569131Z","target":"projects/elephantapp-21e34/locations/us-central1/functions/helloWorld","verb":"create","cancelRequested":false,"apiVersion":"v2","requestResource":{"@type":"type.googleapis.com/google.cloud.functions.v2.Function","name":"projects/elephantapp-21e34/locations/us-central1/functions/helloWorld","buildConfig":{"runtime":"nodejs22","entryPoint":"helloWorld","source":{"storageSource":{"bucket":"gcf-v2-sources-572276226266-us-central1","object":"helloWorld/function-source.zip","generation":"1741112133500529"}},"environmentVariables":{"GOOGLE_NODE_RUN_SCRIPTS":""},"serviceAccount":"projects/elephantapp-21e34/serviceAccounts/572276226266-compute@developer.gserviceaccount.com","automaticUpdatePolicy":{}},"serviceConfig":{"service":"projects/elephantapp-21e34/locations/us-central1/services/helloworld","timeoutSeconds":60,"environmentVariables":{"FIREBASE_CONFIG":"{\"projectId\":\"elephantapp-21e34\",\"storageBucket\":\"elephantapp-21e34.appspot.com\",\"locationId\":\"us-central\"}","GCLOUD_PROJECT":"elephantapp-21e34","EVENTARC_CLOUD_EVENT_SOURCE":"projects/elephantapp-21e34/locations/us-central1/services/helloWorld","FUNCTION_TARGET":"helloWorld","LOG_EXECUTION_ID":"true"},"ingressSettings":"ALLOW_ALL","serviceAccountEmail":"572276226266-compute@developer.gserviceaccount.com","availableMemory":"256Mi","maxInstanceRequestConcurrency":80,"availableCpu":"1"},"labels":{"deployment-tool":"cli-firebase","firebase-functions-hash":"82fb29c5e5550af8691706e1d80c556ff84e11a6"},"environment":"GEN_2"},"stages":[{"name":"BUILD","message":"Build in progress","state":"IN_PROGRESS","resource":"projects/572276226266/locations/us-central1/builds/fca13579-7e18-48dd-b4b3-a87ba1572552","resourceUri":"https://console.cloud.google.com/cloud-build/builds;region=us-central1/fca13579-7e18-48dd-b4b3-a87ba1572552?project=572276226266"},{"name":"SERVICE","state":"NOT_STARTED"}],"operationType":"CREATE_FUNCTION","buildName":"projects/572276226266/locations/us-central1/builds/fca13579-7e18-48dd-b4b3-a87ba1572552"},"done":false}
[debug] [2025-03-04T18:15:37.240Z] [create-default-us-central1-helloWorld] Retrying task index 0
[debug] [2025-03-04T18:15:37.240Z] Checked if tokens are valid: true, expires at: 1741114991078
[debug] [2025-03-04T18:15:37.240Z] Checked if tokens are valid: true, expires at: 1741114991078
[debug] [2025-03-04T18:15:37.240Z] >>> [apiv2][query] GET https://cloudfunctions.googleapis.com/v2/projects/elephantapp-21e34/locations/us-central1/operations/operation-1741112133129-62f8842359341-31572214-983cb6b8 [none]
[debug] [2025-03-04T18:15:37.482Z] <<< [apiv2][status] GET https://cloudfunctions.googleapis.com/v2/projects/elephantapp-21e34/locations/us-central1/operations/operation-1741112133129-62f8842359341-31572214-983cb6b8 200
[debug] [2025-03-04T18:15:37.482Z] <<< [apiv2][body] GET https://cloudfunctions.googleapis.com/v2/projects/elephantapp-21e34/locations/us-central1/operations/operation-1741112133129-62f8842359341-31572214-983cb6b8 {"name":"projects/elephantapp-21e34/locations/us-central1/operations/operation-1741112133129-62f8842359341-31572214-983cb6b8","metadata":{"@type":"type.googleapis.com/google.cloud.functions.v2.OperationMetadata","createTime":"2025-03-04T18:15:33.747569131Z","target":"projects/elephantapp-21e34/locations/us-central1/functions/helloWorld","verb":"create","cancelRequested":false,"apiVersion":"v2","requestResource":{"@type":"type.googleapis.com/google.cloud.functions.v2.Function","name":"projects/elephantapp-21e34/locations/us-central1/functions/helloWorld","buildConfig":{"runtime":"nodejs22","entryPoint":"helloWorld","source":{"storageSource":{"bucket":"gcf-v2-sources-572276226266-us-central1","object":"helloWorld/function-source.zip","generation":"1741112133500529"}},"environmentVariables":{"GOOGLE_NODE_RUN_SCRIPTS":""},"serviceAccount":"projects/elephantapp-21e34/serviceAccounts/572276226266-compute@developer.gserviceaccount.com","automaticUpdatePolicy":{}},"serviceConfig":{"service":"projects/elephantapp-21e34/locations/us-central1/services/helloworld","timeoutSeconds":60,"environmentVariables":{"FIREBASE_CONFIG":"{\"projectId\":\"elephantapp-21e34\",\"storageBucket\":\"elephantapp-21e34.appspot.com\",\"locationId\":\"us-central\"}","GCLOUD_PROJECT":"elephantapp-21e34","EVENTARC_CLOUD_EVENT_SOURCE":"projects/elephantapp-21e34/locations/us-central1/services/helloWorld","FUNCTION_TARGET":"helloWorld","LOG_EXECUTION_ID":"true"},"ingressSettings":"ALLOW_ALL","serviceAccountEmail":"572276226266-compute@developer.gserviceaccount.com","availableMemory":"256Mi","maxInstanceRequestConcurrency":80,"availableCpu":"1"},"labels":{"deployment-tool":"cli-firebase","firebase-functions-hash":"82fb29c5e5550af8691706e1d80c556ff84e11a6"},"environment":"GEN_2"},"stages":[{"name":"BUILD","message":"Build in progress","state":"IN_PROGRESS","resource":"projects/572276226266/locations/us-central1/builds/fca13579-7e18-48dd-b4b3-a87ba1572552","resourceUri":"https://console.cloud.google.com/cloud-build/builds;region=us-central1/fca13579-7e18-48dd-b4b3-a87ba1572552?project=572276226266"},{"name":"SERVICE","state":"NOT_STARTED"}],"operationType":"CREATE_FUNCTION","buildName":"projects/572276226266/locations/us-central1/builds/fca13579-7e18-48dd-b4b3-a87ba1572552"},"done":false}
[debug] [2025-03-04T18:15:39.482Z] [create-default-us-central1-helloWorld] Retrying task index 0
[debug] [2025-03-04T18:15:39.483Z] Checked if tokens are valid: true, expires at: 1741114991078
[debug] [2025-03-04T18:15:39.483Z] Checked if tokens are valid: true, expires at: 1741114991078
[debug] [2025-03-04T18:15:39.483Z] >>> [apiv2][query] GET https://cloudfunctions.googleapis.com/v2/projects/elephantapp-21e34/locations/us-central1/operations/operation-1741112133129-62f8842359341-31572214-983cb6b8 [none]
[debug] [2025-03-04T18:15:39.736Z] <<< [apiv2][status] GET https://cloudfunctions.googleapis.com/v2/projects/elephantapp-21e34/locations/us-central1/operations/operation-1741112133129-62f8842359341-31572214-983cb6b8 200
[debug] [2025-03-04T18:15:39.737Z] <<< [apiv2][body] GET https://cloudfunctions.googleapis.com/v2/projects/elephantapp-21e34/locations/us-central1/operations/operation-1741112133129-62f8842359341-31572214-983cb6b8 {"name":"projects/elephantapp-21e34/locations/us-central1/operations/operation-1741112133129-62f8842359341-31572214-983cb6b8","metadata":{"@type":"type.googleapis.com/google.cloud.functions.v2.OperationMetadata","createTime":"2025-03-04T18:15:33.747569131Z","target":"projects/elephantapp-21e34/locations/us-central1/functions/helloWorld","verb":"create","cancelRequested":false,"apiVersion":"v2","requestResource":{"@type":"type.googleapis.com/google.cloud.functions.v2.Function","name":"projects/elephantapp-21e34/locations/us-central1/functions/helloWorld","buildConfig":{"runtime":"nodejs22","entryPoint":"helloWorld","source":{"storageSource":{"bucket":"gcf-v2-sources-572276226266-us-central1","object":"helloWorld/function-source.zip","generation":"1741112133500529"}},"environmentVariables":{"GOOGLE_NODE_RUN_SCRIPTS":""},"serviceAccount":"projects/elephantapp-21e34/serviceAccounts/572276226266-compute@developer.gserviceaccount.com","automaticUpdatePolicy":{}},"serviceConfig":{"service":"projects/elephantapp-21e34/locations/us-central1/services/helloworld","timeoutSeconds":60,"environmentVariables":{"FIREBASE_CONFIG":"{\"projectId\":\"elephantapp-21e34\",\"storageBucket\":\"elephantapp-21e34.appspot.com\",\"locationId\":\"us-central\"}","GCLOUD_PROJECT":"elephantapp-21e34","EVENTARC_CLOUD_EVENT_SOURCE":"projects/elephantapp-21e34/locations/us-central1/services/helloWorld","FUNCTION_TARGET":"helloWorld","LOG_EXECUTION_ID":"true"},"ingressSettings":"ALLOW_ALL","serviceAccountEmail":"572276226266-compute@developer.gserviceaccount.com","availableMemory":"256Mi","maxInstanceRequestConcurrency":80,"availableCpu":"1"},"labels":{"deployment-tool":"cli-firebase","firebase-functions-hash":"82fb29c5e5550af8691706e1d80c556ff84e11a6"},"environment":"GEN_2"},"stages":[{"name":"BUILD","message":"Build in progress","state":"IN_PROGRESS","resource":"projects/572276226266/locations/us-central1/builds/fca13579-7e18-48dd-b4b3-a87ba1572552","resourceUri":"https://console.cloud.google.com/cloud-build/builds;region=us-central1/fca13579-7e18-48dd-b4b3-a87ba1572552?project=572276226266"},{"name":"SERVICE","state":"NOT_STARTED"}],"operationType":"CREATE_FUNCTION","buildName":"projects/572276226266/locations/us-central1/builds/fca13579-7e18-48dd-b4b3-a87ba1572552"},"done":false}
[debug] [2025-03-04T18:15:43.751Z] [create-default-us-central1-helloWorld] Retrying task index 0
[debug] [2025-03-04T18:15:43.752Z] Checked if tokens are valid: true, expires at: 1741114991078
[debug] [2025-03-04T18:15:43.752Z] Checked if tokens are valid: true, expires at: 1741114991078
[debug] [2025-03-04T18:15:43.752Z] >>> [apiv2][query] GET https://cloudfunctions.googleapis.com/v2/projects/elephantapp-21e34/locations/us-central1/operations/operation-1741112133129-62f8842359341-31572214-983cb6b8 [none]
[debug] [2025-03-04T18:15:44.345Z] <<< [apiv2][status] GET https://cloudfunctions.googleapis.com/v2/projects/elephantapp-21e34/locations/us-central1/operations/operation-1741112133129-62f8842359341-31572214-983cb6b8 200
[debug] [2025-03-04T18:15:44.346Z] <<< [apiv2][body] GET https://cloudfunctions.googleapis.com/v2/projects/elephantapp-21e34/locations/us-central1/operations/operation-1741112133129-62f8842359341-31572214-983cb6b8 {"name":"projects/elephantapp-21e34/locations/us-central1/operations/operation-1741112133129-62f8842359341-31572214-983cb6b8","metadata":{"@type":"type.googleapis.com/google.cloud.functions.v2.OperationMetadata","createTime":"2025-03-04T18:15:33.747569131Z","target":"projects/elephantapp-21e34/locations/us-central1/functions/helloWorld","verb":"create","cancelRequested":false,"apiVersion":"v2","requestResource":{"@type":"type.googleapis.com/google.cloud.functions.v2.Function","name":"projects/elephantapp-21e34/locations/us-central1/functions/helloWorld","buildConfig":{"runtime":"nodejs22","entryPoint":"helloWorld","source":{"storageSource":{"bucket":"gcf-v2-sources-572276226266-us-central1","object":"helloWorld/function-source.zip","generation":"1741112133500529"}},"environmentVariables":{"GOOGLE_NODE_RUN_SCRIPTS":""},"serviceAccount":"projects/elephantapp-21e34/serviceAccounts/572276226266-compute@developer.gserviceaccount.com","automaticUpdatePolicy":{}},"serviceConfig":{"service":"projects/elephantapp-21e34/locations/us-central1/services/helloworld","timeoutSeconds":60,"environmentVariables":{"FIREBASE_CONFIG":"{\"projectId\":\"elephantapp-21e34\",\"storageBucket\":\"elephantapp-21e34.appspot.com\",\"locationId\":\"us-central\"}","GCLOUD_PROJECT":"elephantapp-21e34","EVENTARC_CLOUD_EVENT_SOURCE":"projects/elephantapp-21e34/locations/us-central1/services/helloWorld","FUNCTION_TARGET":"helloWorld","LOG_EXECUTION_ID":"true"},"ingressSettings":"ALLOW_ALL","serviceAccountEmail":"572276226266-compute@developer.gserviceaccount.com","availableMemory":"256Mi","maxInstanceRequestConcurrency":80,"availableCpu":"1"},"labels":{"deployment-tool":"cli-firebase","firebase-functions-hash":"82fb29c5e5550af8691706e1d80c556ff84e11a6"},"environment":"GEN_2"},"stages":[{"name":"BUILD","message":"Build in progress","state":"IN_PROGRESS","resource":"projects/572276226266/locations/us-central1/builds/fca13579-7e18-48dd-b4b3-a87ba1572552","resourceUri":"https://console.cloud.google.com/cloud-build/builds;region=us-central1/fca13579-7e18-48dd-b4b3-a87ba1572552?project=572276226266"},{"name":"SERVICE","state":"NOT_STARTED"}],"operationType":"CREATE_FUNCTION","buildName":"projects/572276226266/locations/us-central1/builds/fca13579-7e18-48dd-b4b3-a87ba1572552"},"done":false}
[debug] [2025-03-04T18:15:52.351Z] [create-default-us-central1-helloWorld] Retrying task index 0
[debug] [2025-03-04T18:15:52.351Z] Checked if tokens are valid: true, expires at: 1741114991078
[debug] [2025-03-04T18:15:52.352Z] Checked if tokens are valid: true, expires at: 1741114991078
[debug] [2025-03-04T18:15:52.352Z] >>> [apiv2][query] GET https://cloudfunctions.googleapis.com/v2/projects/elephantapp-21e34/locations/us-central1/operations/operation-1741112133129-62f8842359341-31572214-983cb6b8 [none]
[debug] [2025-03-04T18:15:52.733Z] <<< [apiv2][status] GET https://cloudfunctions.googleapis.com/v2/projects/elephantapp-21e34/locations/us-central1/operations/operation-1741112133129-62f8842359341-31572214-983cb6b8 200
[debug] [2025-03-04T18:15:52.734Z] <<< [apiv2][body] GET https://cloudfunctions.googleapis.com/v2/projects/elephantapp-21e34/locations/us-central1/operations/operation-1741112133129-62f8842359341-31572214-983cb6b8 {"name":"projects/elephantapp-21e34/locations/us-central1/operations/operation-1741112133129-62f8842359341-31572214-983cb6b8","metadata":{"@type":"type.googleapis.com/google.cloud.functions.v2.OperationMetadata","createTime":"2025-03-04T18:15:33.747569131Z","target":"projects/elephantapp-21e34/locations/us-central1/functions/helloWorld","verb":"create","cancelRequested":false,"apiVersion":"v2","requestResource":{"@type":"type.googleapis.com/google.cloud.functions.v2.Function","name":"projects/elephantapp-21e34/locations/us-central1/functions/helloWorld","buildConfig":{"runtime":"nodejs22","entryPoint":"helloWorld","source":{"storageSource":{"bucket":"gcf-v2-sources-572276226266-us-central1","object":"helloWorld/function-source.zip","generation":"1741112133500529"}},"environmentVariables":{"GOOGLE_NODE_RUN_SCRIPTS":""},"serviceAccount":"projects/elephantapp-21e34/serviceAccounts/572276226266-compute@developer.gserviceaccount.com","automaticUpdatePolicy":{}},"serviceConfig":{"service":"projects/elephantapp-21e34/locations/us-central1/services/helloworld","timeoutSeconds":60,"environmentVariables":{"FIREBASE_CONFIG":"{\"projectId\":\"elephantapp-21e34\",\"storageBucket\":\"elephantapp-21e34.appspot.com\",\"locationId\":\"us-central\"}","GCLOUD_PROJECT":"elephantapp-21e34","EVENTARC_CLOUD_EVENT_SOURCE":"projects/elephantapp-21e34/locations/us-central1/services/helloWorld","FUNCTION_TARGET":"helloWorld","LOG_EXECUTION_ID":"true"},"ingressSettings":"ALLOW_ALL","serviceAccountEmail":"572276226266-compute@developer.gserviceaccount.com","availableMemory":"256Mi","maxInstanceRequestConcurrency":80,"availableCpu":"1"},"labels":{"deployment-tool":"cli-firebase","firebase-functions-hash":"82fb29c5e5550af8691706e1d80c556ff84e11a6"},"environment":"GEN_2"},"stages":[{"name":"BUILD","message":"Build in progress","state":"IN_PROGRESS","resource":"projects/572276226266/locations/us-central1/builds/fca13579-7e18-48dd-b4b3-a87ba1572552","resourceUri":"https://console.cloud.google.com/cloud-build/builds;region=us-central1/fca13579-7e18-48dd-b4b3-a87ba1572552?project=572276226266"},{"name":"SERVICE","state":"NOT_STARTED"}],"operationType":"CREATE_FUNCTION","buildName":"projects/572276226266/locations/us-central1/builds/fca13579-7e18-48dd-b4b3-a87ba1572552"},"done":false}
[debug] [2025-03-04T18:16:02.739Z] [create-default-us-central1-helloWorld] Retrying task index 0
[debug] [2025-03-04T18:16:02.740Z] Checked if tokens are valid: true, expires at: 1741114991078
[debug] [2025-03-04T18:16:02.740Z] Checked if tokens are valid: true, expires at: 1741114991078
[debug] [2025-03-04T18:16:02.740Z] >>> [apiv2][query] GET https://cloudfunctions.googleapis.com/v2/projects/elephantapp-21e34/locations/us-central1/operations/operation-1741112133129-62f8842359341-31572214-983cb6b8 [none]
[debug] [2025-03-04T18:16:03.027Z] <<< [apiv2][status] GET https://cloudfunctions.googleapis.com/v2/projects/elephantapp-21e34/locations/us-central1/operations/operation-1741112133129-62f8842359341-31572214-983cb6b8 200
[debug] [2025-03-04T18:16:03.027Z] <<< [apiv2][body] GET https://cloudfunctions.googleapis.com/v2/projects/elephantapp-21e34/locations/us-central1/operations/operation-1741112133129-62f8842359341-31572214-983cb6b8 {"name":"projects/elephantapp-21e34/locations/us-central1/operations/operation-1741112133129-62f8842359341-31572214-983cb6b8","metadata":{"@type":"type.googleapis.com/google.cloud.functions.v2.OperationMetadata","createTime":"2025-03-04T18:15:33.747569131Z","target":"projects/elephantapp-21e34/locations/us-central1/functions/helloWorld","verb":"create","cancelRequested":false,"apiVersion":"v2","requestResource":{"@type":"type.googleapis.com/google.cloud.functions.v2.Function","name":"projects/elephantapp-21e34/locations/us-central1/functions/helloWorld","buildConfig":{"runtime":"nodejs22","entryPoint":"helloWorld","source":{"storageSource":{"bucket":"gcf-v2-sources-572276226266-us-central1","object":"helloWorld/function-source.zip","generation":"1741112133500529"}},"environmentVariables":{"GOOGLE_NODE_RUN_SCRIPTS":""},"serviceAccount":"projects/elephantapp-21e34/serviceAccounts/572276226266-compute@developer.gserviceaccount.com","automaticUpdatePolicy":{}},"serviceConfig":{"service":"projects/elephantapp-21e34/locations/us-central1/services/helloworld","timeoutSeconds":60,"environmentVariables":{"FIREBASE_CONFIG":"{\"projectId\":\"elephantapp-21e34\",\"storageBucket\":\"elephantapp-21e34.appspot.com\",\"locationId\":\"us-central\"}","GCLOUD_PROJECT":"elephantapp-21e34","EVENTARC_CLOUD_EVENT_SOURCE":"projects/elephantapp-21e34/locations/us-central1/services/helloWorld","FUNCTION_TARGET":"helloWorld","LOG_EXECUTION_ID":"true"},"ingressSettings":"ALLOW_ALL","serviceAccountEmail":"572276226266-compute@developer.gserviceaccount.com","availableMemory":"256Mi","maxInstanceRequestConcurrency":80,"availableCpu":"1"},"labels":{"deployment-tool":"cli-firebase","firebase-functions-hash":"82fb29c5e5550af8691706e1d80c556ff84e11a6"},"environment":"GEN_2"},"stages":[{"name":"BUILD","message":"Build in progress","state":"IN_PROGRESS","resource":"projects/572276226266/locations/us-central1/builds/fca13579-7e18-48dd-b4b3-a87ba1572552","resourceUri":"https://console.cloud.google.com/cloud-build/builds;region=us-central1/fca13579-7e18-48dd-b4b3-a87ba1572552?project=572276226266"},{"name":"SERVICE","state":"NOT_STARTED"}],"operationType":"CREATE_FUNCTION","buildName":"projects/572276226266/locations/us-central1/builds/fca13579-7e18-48dd-b4b3-a87ba1572552"},"done":false}
[debug] [2025-03-04T18:16:13.031Z] [create-default-us-central1-helloWorld] Retrying task index 0
[debug] [2025-03-04T18:16:13.032Z] Checked if tokens are valid: true, expires at: 1741114991078
[debug] [2025-03-04T18:16:13.032Z] Checked if tokens are valid: true, expires at: 1741114991078
[debug] [2025-03-04T18:16:13.033Z] >>> [apiv2][query] GET https://cloudfunctions.googleapis.com/v2/projects/elephantapp-21e34/locations/us-central1/operations/operation-1741112133129-62f8842359341-31572214-983cb6b8 [none]
[debug] [2025-03-04T18:16:13.774Z] <<< [apiv2][status] GET https://cloudfunctions.googleapis.com/v2/projects/elephantapp-21e34/locations/us-central1/operations/operation-1741112133129-62f8842359341-31572214-983cb6b8 200
[debug] [2025-03-04T18:16:13.774Z] <<< [apiv2][body] GET https://cloudfunctions.googleapis.com/v2/projects/elephantapp-21e34/locations/us-central1/operations/operation-1741112133129-62f8842359341-31572214-983cb6b8 {"name":"projects/elephantapp-21e34/locations/us-central1/operations/operation-1741112133129-62f8842359341-31572214-983cb6b8","metadata":{"@type":"type.googleapis.com/google.cloud.functions.v2.OperationMetadata","createTime":"2025-03-04T18:15:33.747569131Z","target":"projects/elephantapp-21e34/locations/us-central1/functions/helloWorld","verb":"create","cancelRequested":false,"apiVersion":"v2","requestResource":{"@type":"type.googleapis.com/google.cloud.functions.v2.Function","name":"projects/elephantapp-21e34/locations/us-central1/functions/helloWorld","buildConfig":{"runtime":"nodejs22","entryPoint":"helloWorld","source":{"storageSource":{"bucket":"gcf-v2-sources-572276226266-us-central1","object":"helloWorld/function-source.zip","generation":"1741112133500529"}},"environmentVariables":{"GOOGLE_NODE_RUN_SCRIPTS":""},"serviceAccount":"projects/elephantapp-21e34/serviceAccounts/572276226266-compute@developer.gserviceaccount.com","automaticUpdatePolicy":{}},"serviceConfig":{"service":"projects/elephantapp-21e34/locations/us-central1/services/helloworld","timeoutSeconds":60,"environmentVariables":{"FIREBASE_CONFIG":"{\"projectId\":\"elephantapp-21e34\",\"storageBucket\":\"elephantapp-21e34.appspot.com\",\"locationId\":\"us-central\"}","GCLOUD_PROJECT":"elephantapp-21e34","EVENTARC_CLOUD_EVENT_SOURCE":"projects/elephantapp-21e34/locations/us-central1/services/helloWorld","FUNCTION_TARGET":"helloWorld","LOG_EXECUTION_ID":"true"},"ingressSettings":"ALLOW_ALL","serviceAccountEmail":"572276226266-compute@developer.gserviceaccount.com","availableMemory":"256Mi","maxInstanceRequestConcurrency":80,"availableCpu":"1"},"labels":{"deployment-tool":"cli-firebase","firebase-functions-hash":"82fb29c5e5550af8691706e1d80c556ff84e11a6"},"environment":"GEN_2"},"stages":[{"name":"BUILD","message":"Build in progress","state":"IN_PROGRESS","resource":"projects/572276226266/locations/us-central1/builds/fca13579-7e18-48dd-b4b3-a87ba1572552","resourceUri":"https://console.cloud.google.com/cloud-build/builds;region=us-central1/fca13579-7e18-48dd-b4b3-a87ba1572552?project=572276226266"},{"name":"SERVICE","state":"NOT_STARTED"}],"operationType":"CREATE_FUNCTION","buildName":"projects/572276226266/locations/us-central1/builds/fca13579-7e18-48dd-b4b3-a87ba1572552"},"done":false}
[debug] [2025-03-04T18:16:23.785Z] [create-default-us-central1-helloWorld] Retrying task index 0
[debug] [2025-03-04T18:16:23.786Z] Checked if tokens are valid: true, expires at: 1741114991078
[debug] [2025-03-04T18:16:23.786Z] Checked if tokens are valid: true, expires at: 1741114991078
[debug] [2025-03-04T18:16:23.787Z] >>> [apiv2][query] GET https://cloudfunctions.googleapis.com/v2/projects/elephantapp-21e34/locations/us-central1/operations/operation-1741112133129-62f8842359341-31572214-983cb6b8 [none]
[debug] [2025-03-04T18:16:24.489Z] <<< [apiv2][status] GET https://cloudfunctions.googleapis.com/v2/projects/elephantapp-21e34/locations/us-central1/operations/operation-1741112133129-62f8842359341-31572214-983cb6b8 200
[debug] [2025-03-04T18:16:24.490Z] <<< [apiv2][body] GET https://cloudfunctions.googleapis.com/v2/projects/elephantapp-21e34/locations/us-central1/operations/operation-1741112133129-62f8842359341-31572214-983cb6b8 {"name":"projects/elephantapp-21e34/locations/us-central1/operations/operation-1741112133129-62f8842359341-31572214-983cb6b8","metadata":{"@type":"type.googleapis.com/google.cloud.functions.v2.OperationMetadata","createTime":"2025-03-04T18:15:33.747569131Z","target":"projects/elephantapp-21e34/locations/us-central1/functions/helloWorld","verb":"create","cancelRequested":false,"apiVersion":"v2","requestResource":{"@type":"type.googleapis.com/google.cloud.functions.v2.Function","name":"projects/elephantapp-21e34/locations/us-central1/functions/helloWorld","buildConfig":{"runtime":"nodejs22","entryPoint":"helloWorld","source":{"storageSource":{"bucket":"gcf-v2-sources-572276226266-us-central1","object":"helloWorld/function-source.zip","generation":"1741112133500529"}},"environmentVariables":{"GOOGLE_NODE_RUN_SCRIPTS":""},"serviceAccount":"projects/elephantapp-21e34/serviceAccounts/572276226266-compute@developer.gserviceaccount.com","automaticUpdatePolicy":{}},"serviceConfig":{"service":"projects/elephantapp-21e34/locations/us-central1/services/helloworld","timeoutSeconds":60,"environmentVariables":{"FIREBASE_CONFIG":"{\"projectId\":\"elephantapp-21e34\",\"storageBucket\":\"elephantapp-21e34.appspot.com\",\"locationId\":\"us-central\"}","GCLOUD_PROJECT":"elephantapp-21e34","EVENTARC_CLOUD_EVENT_SOURCE":"projects/elephantapp-21e34/locations/us-central1/services/helloWorld","FUNCTION_TARGET":"helloWorld","LOG_EXECUTION_ID":"true"},"ingressSettings":"ALLOW_ALL","serviceAccountEmail":"572276226266-compute@developer.gserviceaccount.com","availableMemory":"256Mi","maxInstanceRequestConcurrency":80,"availableCpu":"1"},"labels":{"deployment-tool":"cli-firebase","firebase-functions-hash":"82fb29c5e5550af8691706e1d80c556ff84e11a6"},"environment":"GEN_2"},"stages":[{"name":"BUILD","message":"Build in progress","state":"IN_PROGRESS","resource":"projects/572276226266/locations/us-central1/builds/fca13579-7e18-48dd-b4b3-a87ba1572552","resourceUri":"https://console.cloud.google.com/cloud-build/builds;region=us-central1/fca13579-7e18-48dd-b4b3-a87ba1572552?project=572276226266"},{"name":"SERVICE","state":"NOT_STARTED"}],"operationType":"CREATE_FUNCTION","buildName":"projects/572276226266/locations/us-central1/builds/fca13579-7e18-48dd-b4b3-a87ba1572552"},"done":false}
[debug] [2025-03-04T18:16:34.504Z] [create-default-us-central1-helloWorld] Retrying task index 0
[debug] [2025-03-04T18:16:34.505Z] Checked if tokens are valid: true, expires at: 1741114991078
[debug] [2025-03-04T18:16:34.505Z] Checked if tokens are valid: true, expires at: 1741114991078
[debug] [2025-03-04T18:16:34.505Z] >>> [apiv2][query] GET https://cloudfunctions.googleapis.com/v2/projects/elephantapp-21e34/locations/us-central1/operations/operation-1741112133129-62f8842359341-31572214-983cb6b8 [none]
[debug] [2025-03-04T18:16:35.026Z] <<< [apiv2][status] GET https://cloudfunctions.googleapis.com/v2/projects/elephantapp-21e34/locations/us-central1/operations/operation-1741112133129-62f8842359341-31572214-983cb6b8 200
[debug] [2025-03-04T18:16:35.027Z] <<< [apiv2][body] GET https://cloudfunctions.googleapis.com/v2/projects/elephantapp-21e34/locations/us-central1/operations/operation-1741112133129-62f8842359341-31572214-983cb6b8 {"name":"projects/elephantapp-21e34/locations/us-central1/operations/operation-1741112133129-62f8842359341-31572214-983cb6b8","metadata":{"@type":"type.googleapis.com/google.cloud.functions.v2.OperationMetadata","createTime":"2025-03-04T18:15:33.747569131Z","target":"projects/elephantapp-21e34/locations/us-central1/functions/helloWorld","verb":"create","cancelRequested":false,"apiVersion":"v2","requestResource":{"@type":"type.googleapis.com/google.cloud.functions.v2.Function","name":"projects/elephantapp-21e34/locations/us-central1/functions/helloWorld","buildConfig":{"runtime":"nodejs22","entryPoint":"helloWorld","source":{"storageSource":{"bucket":"gcf-v2-sources-572276226266-us-central1","object":"helloWorld/function-source.zip","generation":"1741112133500529"}},"environmentVariables":{"GOOGLE_NODE_RUN_SCRIPTS":""},"serviceAccount":"projects/elephantapp-21e34/serviceAccounts/572276226266-compute@developer.gserviceaccount.com","automaticUpdatePolicy":{}},"serviceConfig":{"service":"projects/elephantapp-21e34/locations/us-central1/services/helloworld","timeoutSeconds":60,"environmentVariables":{"FIREBASE_CONFIG":"{\"projectId\":\"elephantapp-21e34\",\"storageBucket\":\"elephantapp-21e34.appspot.com\",\"locationId\":\"us-central\"}","GCLOUD_PROJECT":"elephantapp-21e34","EVENTARC_CLOUD_EVENT_SOURCE":"projects/elephantapp-21e34/locations/us-central1/services/helloWorld","FUNCTION_TARGET":"helloWorld","LOG_EXECUTION_ID":"true"},"ingressSettings":"ALLOW_ALL","serviceAccountEmail":"572276226266-compute@developer.gserviceaccount.com","availableMemory":"256Mi","maxInstanceRequestConcurrency":80,"availableCpu":"1"},"labels":{"deployment-tool":"cli-firebase","firebase-functions-hash":"82fb29c5e5550af8691706e1d80c556ff84e11a6"},"environment":"GEN_2"},"stages":[{"name":"BUILD","message":"Build in progress","state":"IN_PROGRESS","resource":"projects/572276226266/locations/us-central1/builds/fca13579-7e18-48dd-b4b3-a87ba1572552","resourceUri":"https://console.cloud.google.com/cloud-build/builds;region=us-central1/fca13579-7e18-48dd-b4b3-a87ba1572552?project=572276226266"},{"name":"SERVICE","state":"NOT_STARTED"}],"operationType":"CREATE_FUNCTION","buildName":"projects/572276226266/locations/us-central1/builds/fca13579-7e18-48dd-b4b3-a87ba1572552"},"done":false}
[debug] [2025-03-04T18:16:45.034Z] [create-default-us-central1-helloWorld] Retrying task index 0
[debug] [2025-03-04T18:16:45.035Z] Checked if tokens are valid: true, expires at: 1741114991078
[debug] [2025-03-04T18:16:45.035Z] Checked if tokens are valid: true, expires at: 1741114991078
[debug] [2025-03-04T18:16:45.036Z] >>> [apiv2][query] GET https://cloudfunctions.googleapis.com/v2/projects/elephantapp-21e34/locations/us-central1/operations/operation-1741112133129-62f8842359341-31572214-983cb6b8 [none]
[debug] [2025-03-04T18:16:45.683Z] <<< [apiv2][status] GET https://cloudfunctions.googleapis.com/v2/projects/elephantapp-21e34/locations/us-central1/operations/operation-1741112133129-62f8842359341-31572214-983cb6b8 200
[debug] [2025-03-04T18:16:45.684Z] <<< [apiv2][body] GET https://cloudfunctions.googleapis.com/v2/projects/elephantapp-21e34/locations/us-central1/operations/operation-1741112133129-62f8842359341-31572214-983cb6b8 {"name":"projects/elephantapp-21e34/locations/us-central1/operations/operation-1741112133129-62f8842359341-31572214-983cb6b8","metadata":{"@type":"type.googleapis.com/google.cloud.functions.v2.OperationMetadata","createTime":"2025-03-04T18:15:33.747569131Z","endTime":"2025-03-04T18:16:41.037657068Z","target":"projects/elephantapp-21e34/locations/us-central1/functions/helloWorld","verb":"create","cancelRequested":false,"apiVersion":"v2","requestResource":{"@type":"type.googleapis.com/google.cloud.functions.v2.Function","name":"projects/elephantapp-21e34/locations/us-central1/functions/helloWorld","buildConfig":{"runtime":"nodejs22","entryPoint":"helloWorld","source":{"storageSource":{"bucket":"gcf-v2-sources-572276226266-us-central1","object":"helloWorld/function-source.zip","generation":"1741112133500529"}},"environmentVariables":{"GOOGLE_NODE_RUN_SCRIPTS":""},"serviceAccount":"projects/elephantapp-21e34/serviceAccounts/572276226266-compute@developer.gserviceaccount.com","automaticUpdatePolicy":{}},"serviceConfig":{"service":"projects/elephantapp-21e34/locations/us-central1/services/helloworld","timeoutSeconds":60,"environmentVariables":{"FIREBASE_CONFIG":"{\"projectId\":\"elephantapp-21e34\",\"storageBucket\":\"elephantapp-21e34.appspot.com\",\"locationId\":\"us-central\"}","GCLOUD_PROJECT":"elephantapp-21e34","EVENTARC_CLOUD_EVENT_SOURCE":"projects/elephantapp-21e34/locations/us-central1/services/helloWorld","FUNCTION_TARGET":"helloWorld","LOG_EXECUTION_ID":"true"},"ingressSettings":"ALLOW_ALL","serviceAccountEmail":"572276226266-compute@developer.gserviceaccount.com","availableMemory":"256Mi","maxInstanceRequestConcurrency":80,"availableCpu":"1"},"labels":{"deployment-tool":"cli-firebase","firebase-functions-hash":"82fb29c5e5550af8691706e1d80c556ff84e11a6"},"environment":"GEN_2"},"stages":[{"name":"ARTIFACT_REGISTRY","message":"Deleting function artifacts in Artifact Registry","state":"COMPLETE"},{"name":"SERVICE","message":"Deleting Cloud Run service","state":"COMPLETE","resource":"projects/elephantapp-21e34/locations/us-central1/services/helloworld"}],"operationType":"CREATE_FUNCTION"},"done":true,"error":{"code":3,"message":"Build failed with status: FAILURE and message: npm error code EUSAGE\nnpm error\nnpm error `npm ci` can only install packages when your package.json and package-lock.json or npm-shrinkwrap.json are in sync. Please update your lock file with `npm install` before continuing.\nnpm error\nnpm error Missing: jest@29.7.0 from lock file\nnpm error Missing: @jest/core@29.7.0 from lock file\nnpm error Missing: @jest/types@29.6.3 from lock file\nnpm error Missing: import-local@3.2.0 from lock file\nnpm error Missing: jest-cli@29.7.0 from lock file\nnpm error Missing: @jest/console@29.7.0 from lock file\nnpm error Missing: @jest/reporters@29.7.0 from lock file\nnpm error Missing: @jest/test-result@29.7.0 from lock file\nnpm error Missing: @jest/transform@29.7.0 from lock file\nnpm error Missing: ansi-escapes@4.3.2 from lock file\nnpm error Missing: ci-info@3.9.0 from lock file\nnpm error Missing: exit@0.1.2 from lock file\nnpm error Missing: graceful-fs@4.2.11 from lock file\nnpm error Missing: jest-changed-files@29.7.0 from lock file\nnpm error Missing: jest-config@29.7.0 from lock file\nnpm error Missing: jest-haste-map@29.7.0 from lock file\nnpm error Missing: jest-message-util@29.7.0 from lock file\nnpm error Missing: jest-regex-util@29.6.3 from lock file\nnpm error Missing: jest-resolve@29.7.0 from lock file\nnpm error Missing: jest-resolve-dependencies@29.7.0 from lock file\nnpm error Missing: jest-runner@29.7.0 from lock file\nnpm error Missing: jest-runtime@29.7.0 from lock file\nnpm error Missing: jest-snapshot@29.7.0 from lock file\nnpm error Missing: jest-util@29.7.0 from lock file\nnpm error Missing: jest-validate@29.7.0 from lock file\nnpm error Missing: jest-watcher@29.7.0 from lock file\nnpm error Missing: micromatch@4.0.8 from lock file\nnpm error Missing: pretty-format@29.7.0 from lock file\nnpm error Missing: slash@3.0.0 from lock file\nnpm error Missing: @bcoe/v8-coverage@0.2.3 from lock file\nnpm error Missing: @jridgewell/trace-mapping@0.3.25 from lock file\nnpm error Missing: collect-v8-coverage@1.0.2 from lock file\nnpm error Missing: istanbul-lib-coverage@3.2.2 from lock file\nnpm error Missing: istanbul-lib-instrument@6.0.3 from lock file\nnpm error Missing: istanbul-lib-report@3.0.1 from lock file\nnpm error Missing: istanbul-lib-source-maps@4.0.1 from lock file\nnpm error Missing: istanbul-reports@3.1.7 from lock file\nnpm error Missing: jest-worker@29.7.0 from lock file\nnpm error Missing: string-length@4.0.2 from lock file\nnpm error Missing: v8-to-istanbul@9.3.0 from lock file\nnpm error Missing: @types/istanbul-lib-coverage@2.0.6 from lock file\nnpm error Missing: @babel/core@7.26.9 from lock file\nnpm error Missing: babel-plugin-istanbul@6.1.1 from lock file\nnpm error Missing: convert-source-map@2.0.0 from lock file\nnpm error Missing: pirates@4.0.6 from lock file\nnpm error Missing: write-file-atomic@4.0.2 from lock file\nnpm error Missing: @ampproject/remapping@2.3.0 from lock file\nnpm error Missing: @babel/code-frame@7.26.2 from lock file\nnpm error Missing: @babel/generator@7.26.9 from lock file\nnpm error Missing: @babel/helper-compilation-targets@7.26.5 from lock file\nnpm error Missing: @babel/helper-module-transforms@7.26.0 from lock file\nnpm error Missing: @babel/helpers@7.26.9 from lock file\nnpm error Missing: @babel/parser@7.26.9 from lock file\nnpm error Missing: @babel/template@7.26.9 from lock file\nnpm error Missing: @babel/traverse@7.26.9 from lock file\nnpm error Missing: @babel/types@7.26.9 from lock file\nnpm error Missing: debug@4.4.0 from lock file\nnpm error Missing: gensync@1.0.0-beta.2 from lock file\nnpm error Missing: json5@2.2.3 from lock file\nnpm error Missing: semver@6.3.1 from lock file\nnpm error Missing: @jridgewell/gen-mapping@0.3.8 from lock file\nnpm error Missing: @babel/helper-validator-identifier@7.25.9 from lock file\nnpm error Missing: js-tokens@4.0.0 from lock file\nnpm error Missing: picocolors@1.1.1 from lock file\nnpm error Missing: jsesc@3.1.0 from lock file\nnpm error Missing: @babel/compat-data@7.26.8 from lock file\nnpm error Missing: @babel/helper-validator-option@7.25.9 from lock file\nnpm error Missing: browserslist@4.24.4 from lock file\nnpm error Missing: lru-cache@5.1.1 from lock file\nnpm error Missing: semver@6.3.1 from lock file\nnpm error Missing: @babel/helper-module-imports@7.25.9 from lock file\nnpm error Missing: debug@4.4.0 from lock file\nnpm error Missing: globals@11.12.0 from lock file\nnpm error Missing: @babel/helper-string-parser@7.25.9 from lock file\nnpm error Missing: @jest/schemas@29.6.3 from lock file\nnpm error Missing: @types/istanbul-reports@3.0.4 from lock file\nnpm error Missing: @types/yargs@17.0.33 from lock file\nnpm error Missing: @sinclair/typebox@0.27.8 from lock file\nnpm error Missing: @jridgewell/set-array@1.2.1 from lock file\nnpm error Missing: @jridgewell/sourcemap-codec@1.5.0 from lock file\nnpm error Missing: @jridgewell/resolve-uri@3.1.2 from lock file\nnpm error Missing: @types/istanbul-lib-report@3.0.3 from lock file\nnpm error Missing: @types/yargs-parser@21.0.3 from lock file\nnpm error Missing: type-fest@0.21.3 from lock file\nnpm error Missing: @babel/helper-plugin-utils@7.26.5 from lock file\nnpm error Missing: @istanbuljs/load-nyc-config@1.1.0 from lock file\nnpm error Missing: @istanbuljs/schema@0.1.3 from lock file\nnpm error Missing: istanbul-lib-instrument@5.2.1 from lock file\nnpm error Missing: test-exclude@6.0.0 from lock file\nnpm error Missing: camelcase@5.3.1 from lock file\nnpm error Missing: find-up@4.1.0 from lock file\nnpm error Missing: get-package-type@0.1.0 from lock file\nnpm error Missing: js-yaml@3.14.1 from lock file\nnpm error Missing: resolve-from@5.0.0 from lock file\nnpm error Missing: caniuse-lite@1.0.30001702 from lock file\nnpm error Missing: electron-to-chromium@1.5.112 from lock file\nnpm error Missing: node-releases@2.0.19 from lock file\nnpm error Missing: update-browserslist-db@1.1.3 from lock file\nnpm error Missing: pkg-dir@4.2.0 from lock file\nnpm error Missing: resolve-cwd@3.0.0 from lock file\nnpm error Missing: make-dir@4.0.0 from lock file\nnpm error Missing: debug@4.4.0 from lock file\nnpm error Missing: source-map@0.6.1 from lock file\nnpm error Missing: html-escaper@2.0.2 from lock file\nnpm error Missing: execa@5.1.1 from lock file\nnpm error Missing: get-stream@6.0.1 from lock file\nnpm error Missing: human-signals@2.1.0 from lock file\nnpm error Missing: merge-stream@2.0.0 from lock file\nnpm error Missing: npm-run-path@4.0.1 from lock file\nnpm error Missing: onetime@5.1.2 from lock file\nnpm error Missing: signal-exit@3.0.7 from lock file\nnpm error Missing: strip-final-newline@2.0.0 from lock file\nnpm error Missing: create-jest@29.7.0 from lock file\nnpm error Missing: prompts@2.4.2 from lock file\nnpm error Missing: @jest/test-sequencer@29.7.0 from lock file\nnpm error Missing: babel-jest@29.7.0 from lock file\nnpm error Missing: deepmerge@4.3.1 from lock file\nnpm error Missing: jest-circus@29.7.0 from lock file\nnpm error Missing: jest-environment-node@29.7.0 from lock file\nnpm error Missing: jest-get-type@29.6.3 from lock file\nnpm error Missing: parse-json@5.2.0 from lock file\nnpm error Missing: @types/babel__core@7.20.5 from lock file\nnpm error Missing: babel-preset-jest@29.6.3 from lock file\nnpm error Missing: @types/babel__generator@7.6.8 from lock file\nnpm error Missing: @types/babel__template@7.4.4 from lock file\nnpm error Missing: @types/babel__traverse@7.20.6 from lock file\nnpm error Missing: babel-plugin-jest-hoist@29.6.3 from lock file\nnpm error Missing: babel-preset-current-node-syntax@1.1.0 from lock file\nnpm error Missing: @babel/plugin-syntax-async-generators@7.8.4 from lock file\nnpm error Missing: @babel/plugin-syntax-bigint@7.8.3 from lock file\nnpm error Missing: @babel/plugin-syntax-class-properties@7.12.13 from lock file\nnpm error Missing: @babel/plugin-syntax-class-static-block@7.14.5 from lock file\nnpm error Missing: @babel/plugin-syntax-import-attributes@7.26.0 from lock file\nnpm error Missing: @babel/plugin-syntax-import-meta@7.10.4 from lock file\nnpm error Missing: @babel/plugin-syntax-json-strings@7.8.3 from lock file\nnpm error Missing: @babel/plugin-syntax-logical-assignment-operators@7.10.4 from lock file\nnpm error Missing: @babel/plugin-syntax-nullish-coalescing-operator@7.8.3 from lock file\nnpm error Missing: @babel/plugin-syntax-numeric-separator@7.10.4 from lock file\nnpm error Missing: @babel/plugin-syntax-object-rest-spread@7.8.3 from lock file\nnpm error Missing: @babel/plugin-syntax-optional-catch-binding@7.8.3 from lock file\nnpm error Missing: @babel/plugin-syntax-optional-chaining@7.8.3 from lock file\nnpm error Missing: @babel/plugin-syntax-private-property-in-object@7.14.5 from lock file\nnpm error Missing: @babel/plugin-syntax-top-level-await@7.14.5 from lock file\nnpm error Missing: @jest/environment@29.7.0 from lock file\nnpm error Missing: @jest/expect@29.7.0 from lock file\nnpm error Missing: co@4.6.0 from lock file\nnpm error Missing: dedent@1.5.3 from lock file\nnpm error Missing: is-generator-fn@2.1.0 from lock file\nnpm error Missing: jest-each@29.7.0 from lock file\nnpm error Missing: jest-matcher-utils@29.7.0 from lock file\nnpm error Missing: pure-rand@6.1.0 from lock file\nnpm error Missing: stack-utils@2.0.6 from lock file\nnpm error Missing: @jest/fake-timers@29.7.0 from lock file\nnpm error Missing: jest-mock@29.7.0 from lock file\nnpm error Missing: expect@29.7.0 from lock file\nnpm error Missing: @sinonjs/fake-timers@10.3.0 from lock file\nnpm error Missing: @sinonjs/commons@3.0.1 from lock file\nnpm error Missing: type-detect@4.0.8 from lock file\nnpm error Missing: @jest/expect-utils@29.7.0 from lock file\nnpm error Missing: @types/graceful-fs@4.1.9 from lock file\nnpm error Missing: anymatch@3.1.3 from lock file\nnpm error Missing: fb-watchman@2.0.2 from lock file\nnpm error Missing: fsevents@2.3.3 from lock file\nnpm error Missing: walker@1.0.8 from lock file\nnpm error Missing: normalize-path@3.0.0 from lock file\nnpm error Missing: picomatch@2.3.1 from lock file\nnpm error Missing: bser@2.1.1 from lock file\nnpm error Missing: node-int64@0.4.0 from lock file\nnpm error Missing: jest-diff@29.7.0 from lock file\nnpm error Missing: diff-sequences@29.6.3 from lock file\nnpm error Missing: @types/stack-utils@2.0.3 from lock file\nnpm error Missing: jest-pnp-resolver@1.2.3 from lock file\nnpm error Missing: resolve@1.22.10 from lock file\nnpm error Missing: resolve.exports@2.0.3 from lock file\nnpm error Missing: emittery@0.13.1 from lock file\nnpm error Missing: jest-docblock@29.7.0 from lock file\nnpm error Missing: jest-leak-detector@29.7.0 from lock file\nnpm error Missing: source-map-support@0.5.13 from lock file\nnpm error Missing: detect-newline@3.1.0 from lock file\nnpm error Missing: @jest/globals@29.7.0 from lock file\nnpm error Missing: @jest/source-map@29.6.3 from lock file\nnpm error Missing: cjs-module-lexer@1.4.3 from lock file\nnpm error Missing: strip-bom@4.0.0 from lock file\nnpm error Missing: @babel/plugin-syntax-jsx@7.25.9 from lock file\nnpm error Missing: @babel/plugin-syntax-typescript@7.25.9 from lock file\nnpm error Missing: camelcase@6.3.0 from lock file\nnpm error Missing: leven@3.1.0 from lock file\nnpm error Missing: supports-color@8.1.1 from lock file\nnpm error Missing: braces@3.0.3 from lock file\nnpm error Missing: fill-range@7.1.1 from lock file\nnpm error Missing: to-regex-range@5.0.1 from lock file\nnpm error Missing: mimic-fn@2.1.0 from lock file\nnpm error Missing: error-ex@1.3.2 from lock file\nnpm error Missing: json-parse-even-better-errors@2.3.1 from lock file\nnpm error Missing: lines-and-columns@1.2.4 from lock file\nnpm error Missing: is-arrayish@0.2.1 from lock file\nnpm error Missing: find-up@4.1.0 from lock file\nnpm error Missing: ansi-styles@5.2.0 from lock file\nnpm error Missing: react-is@18.3.1 from lock file\nnpm error Missing: kleur@3.0.3 from lock file\nnpm error Missing: sisteransi@1.0.5 from lock file\nnpm error Missing: is-core-module@2.16.1 from lock file\nnpm error Missing: path-parse@1.0.7 from lock file\nnpm error Missing: supports-preserve-symlinks-flag@1.0.0 from lock file\nnpm error Missing: resolve-from@5.0.0 from lock file\nnpm error Missing: buffer-from@1.1.2 from lock file\nnpm error Missing: escape-string-regexp@2.0.0 from lock file\nnpm error Missing: char-regex@1.0.2 from lock file\nnpm error Missing: is-number@7.0.0 from lock file\nnpm error Missing: makeerror@1.0.12 from lock file\nnpm error Missing: tmpl@1.0.5 from lock file\nnpm error Missing: ms@2.1.3 from lock file\nnpm error Missing: yallist@3.1.1 from lock file\nnpm error Missing: ms@2.1.3 from lock file\nnpm error Missing: locate-path@5.0.0 from lock file\nnpm error Missing: argparse@1.0.10 from lock file\nnpm error Missing: esprima@4.0.1 from lock file\nnpm error Missing: sprintf-js@1.0.3 from lock file\nnpm error Missing: p-locate@4.1.0 from lock file\nnpm error Missing: p-limit@2.3.0 from lock file\nnpm error Missing: p-try@2.2.0 from lock file\nnpm error Missing: semver@6.3.1 from lock file\nnpm error Missing: ms@2.1.3 from lock file\nnpm error Missing: locate-path@5.0.0 from lock file\nnpm error Missing: p-locate@4.1.0 from lock file\nnpm error Missing: p-limit@2.3.0 from lock file\nnpm error\nnpm error Clean install a project\nnpm error\nnpm error Usage:\nnpm error npm ci\nnpm error\nnpm error Options:\nnpm error [--install-strategy <hoisted|nested|shallow|linked>] [--legacy-bundling]\nnpm error [--global-style] [--omit <dev|optional|peer> [--omit <dev|optional|peer> ...]]\nnpm error [--include <prod|dev|optional|peer> [--include <prod|dev|optional|peer> ...]]\nnpm error [--strict-peer-deps] [--foreground-scripts] [--ignore-scripts] [--no-audit]\nnpm error [--no-bin-links] [--no-fund] [--dry-run]\nnpm error [-w|--workspace <workspace-name> [-w|--workspace <workspace-name> ...]]\nnpm error [-ws|--workspaces] [--include-workspace-root] [--install-links]\nnpm error\nnpm error aliases: clean-install, ic, install-clean, isntall-clean\nnpm error\nnpm error Run \"npm help ci\" for more info\nnpm error A complete log of this run can be found in: /www-data-home/.npm/_logs/2025-03-04T18_16_09_129Z-debug-0.log. For more details see the logs at https://console.cloud.google.com/cloud-build/builds;region=us-central1/fca13579-7e18-48dd-b4b3-a87ba1572552?project=572276226266."}}
[debug] [2025-03-04T18:16:45.685Z] Got source token undefined for region us-central1
[error] Build failed with status: FAILURE and message: npm error code EUSAGE
npm error
npm error `npm ci` can only install packages when your package.json and package-lock.json or npm-shrinkwrap.json are in sync. Please update your lock file with `npm install` before continuing.
npm error
npm error Missing: jest@29.7.0 from lock file
npm error Missing: @jest/core@29.7.0 from lock file
npm error Missing: @jest/types@29.6.3 from lock file
npm error Missing: import-local@3.2.0 from lock file
npm error Missing: jest-cli@29.7.0 from lock file
npm error Missing: @jest/console@29.7.0 from lock file
npm error Missing: @jest/reporters@29.7.0 from lock file
npm error Missing: @jest/test-result@29.7.0 from lock file
npm error Missing: @jest/transform@29.7.0 from lock file
npm error Missing: ansi-escapes@4.3.2 from lock file
npm error Missing: ci-info@3.9.0 from lock file
npm error Missing: exit@0.1.2 from lock file
npm error Missing: graceful-fs@4.2.11 from lock file
npm error Missing: jest-changed-files@29.7.0 from lock file
npm error Missing: jest-config@29.7.0 from lock file
npm error Missing: jest-haste-map@29.7.0 from lock file
npm error Missing: jest-message-util@29.7.0 from lock file
npm error Missing: jest-regex-util@29.6.3 from lock file
npm error Missing: jest-resolve@29.7.0 from lock file
npm error Missing: jest-resolve-dependencies@29.7.0 from lock file
npm error Missing: jest-runner@29.7.0 from lock file
npm error Missing: jest-runtime@29.7.0 from lock file
npm error Missing: jest-snapshot@29.7.0 from lock file
npm error Missing: jest-util@29.7.0 from lock file
npm error Missing: jest-validate@29.7.0 from lock file
npm error Missing: jest-watcher@29.7.0 from lock file
npm error Missing: micromatch@4.0.8 from lock file
npm error Missing: pretty-format@29.7.0 from lock file
npm error Missing: slash@3.0.0 from lock file
npm error Missing: @bcoe/v8-coverage@0.2.3 from lock file
npm error Missing: @jridgewell/trace-mapping@0.3.25 from lock file
npm error Missing: collect-v8-coverage@1.0.2 from lock file
npm error Missing: istanbul-lib-coverage@3.2.2 from lock file
npm error Missing: istanbul-lib-instrument@6.0.3 from lock file
npm error Missing: istanbul-lib-report@3.0.1 from lock file
npm error Missing: istanbul-lib-source-maps@4.0.1 from lock file
npm error Missing: istanbul-reports@3.1.7 from lock file
npm error Missing: jest-worker@29.7.0 from lock file
npm error Missing: string-length@4.0.2 from lock file
npm error Missing: v8-to-istanbul@9.3.0 from lock file
npm error Missing: @types/istanbul-lib-coverage@2.0.6 from lock file
npm error Missing: @babel/core@7.26.9 from lock file
npm error Missing: babel-plugin-istanbul@6.1.1 from lock file
npm error Missing: convert-source-map@2.0.0 from lock file
npm error Missing: pirates@4.0.6 from lock file
npm error Missing: write-file-atomic@4.0.2 from lock file
npm error Missing: @ampproject/remapping@2.3.0 from lock file
npm error Missing: @babel/code-frame@7.26.2 from lock file
npm error Missing: @babel/generator@7.26.9 from lock file
npm error Missing: @babel/helper-compilation-targets@7.26.5 from lock file
npm error Missing: @babel/helper-module-transforms@7.26.0 from lock file
npm error Missing: @babel/helpers@7.26.9 from lock file
npm error Missing: @babel/parser@7.26.9 from lock file
npm error Missing: @babel/template@7.26.9 from lock file
npm error Missing: @babel/traverse@7.26.9 from lock file
npm error Missing: @babel/types@7.26.9 from lock file
npm error Missing: debug@4.4.0 from lock file
npm error Missing: gensync@1.0.0-beta.2 from lock file
npm error Missing: json5@2.2.3 from lock file
npm error Missing: semver@6.3.1 from lock file
npm error Missing: @jridgewell/gen-mapping@0.3.8 from lock file
npm error Missing: @babel/helper-validator-identifier@7.25.9 from lock file
npm error Missing: js-tokens@4.0.0 from lock file
npm error Missing: picocolors@1.1.1 from lock file
npm error Missing: jsesc@3.1.0 from lock file
npm error Missing: @babel/compat-data@7.26.8 from lock file
npm error Missing: @babel/helper-validator-option@7.25.9 from lock file
npm error Missing: browserslist@4.24.4 from lock file
npm error Missing: lru-cache@5.1.1 from lock file
npm error Missing: semver@6.3.1 from lock file
npm error Missing: @babel/helper-module-imports@7.25.9 from lock file
npm error Missing: debug@4.4.0 from lock file
npm error Missing: globals@11.12.0 from lock file
npm error Missing: @babel/helper-string-parser@7.25.9 from lock file
npm error Missing: @jest/schemas@29.6.3 from lock file
npm error Missing: @types/istanbul-reports@3.0.4 from lock file
npm error Missing: @types/yargs@17.0.33 from lock file
npm error Missing: @sinclair/typebox@0.27.8 from lock file
npm error Missing: @jridgewell/set-array@1.2.1 from lock file
npm error Missing: @jridgewell/sourcemap-codec@1.5.0 from lock file
npm error Missing: @jridgewell/resolve-uri@3.1.2 from lock file
npm error Missing: @types/istanbul-lib-report@3.0.3 from lock file
npm error Missing: @types/yargs-parser@21.0.3 from lock file
npm error Missing: type-fest@0.21.3 from lock file
npm error Missing: @babel/helper-plugin-utils@7.26.5 from lock file
npm error Missing: @istanbuljs/load-nyc-config@1.1.0 from lock file
npm error Missing: @istanbuljs/schema@0.1.3 from lock file
npm error Missing: istanbul-lib-instrument@5.2.1 from lock file
npm error Missing: test-exclude@6.0.0 from lock file
npm error Missing: camelcase@5.3.1 from lock file
npm error Missing: find-up@4.1.0 from lock file
npm error Missing: get-package-type@0.1.0 from lock file
npm error Missing: js-yaml@3.14.1 from lock file
npm error Missing: resolve-from@5.0.0 from lock file
npm error Missing: caniuse-lite@1.0.30001702 from lock file
npm error Missing: electron-to-chromium@1.5.112 from lock file
npm error Missing: node-releases@2.0.19 from lock file
npm error Missing: update-browserslist-db@1.1.3 from lock file
npm error Missing: pkg-dir@4.2.0 from lock file
npm error Missing: resolve-cwd@3.0.0 from lock file
npm error Missing: make-dir@4.0.0 from lock file
npm error Missing: debug@4.4.0 from lock file
npm error Missing: source-map@0.6.1 from lock file
npm error Missing: html-escaper@2.0.2 from lock file
npm error Missing: execa@5.1.1 from lock file
npm error Missing: get-stream@6.0.1 from lock file
npm error Missing: human-signals@2.1.0 from lock file
npm error Missing: merge-stream@2.0.0 from lock file
npm error Missing: npm-run-path@4.0.1 from lock file
npm error Missing: onetime@5.1.2 from lock file
npm error Missing: signal-exit@3.0.7 from lock file
npm error Missing: strip-final-newline@2.0.0 from lock file
npm error Missing: create-jest@29.7.0 from lock file
npm error Missing: prompts@2.4.2 from lock file
npm error Missing: @jest/test-sequencer@29.7.0 from lock file
npm error Missing: babel-jest@29.7.0 from lock file
npm error Missing: deepmerge@4.3.1 from lock file
npm error Missing: jest-circus@29.7.0 from lock file
npm error Missing: jest-environment-node@29.7.0 from lock file
npm error Missing: jest-get-type@29.6.3 from lock file
npm error Missing: parse-json@5.2.0 from lock file
npm error Missing: @types/babel__core@7.20.5 from lock file
npm error Missing: babel-preset-jest@29.6.3 from lock file
npm error Missing: @types/babel__generator@7.6.8 from lock file
npm error Missing: @types/babel__template@7.4.4 from lock file
npm error Missing: @types/babel__traverse@7.20.6 from lock file
npm error Missing: babel-plugin-jest-hoist@29.6.3 from lock file
npm error Missing: babel-preset-current-node-syntax@1.1.0 from lock file
npm error Missing: @babel/plugin-syntax-async-generators@7.8.4 from lock file
npm error Missing: @babel/plugin-syntax-bigint@7.8.3 from lock file
npm error Missing: @babel/plugin-syntax-class-properties@7.12.13 from lock file
npm error Missing: @babel/plugin-syntax-class-static-block@7.14.5 from lock file
npm error Missing: @babel/plugin-syntax-import-attributes@7.26.0 from lock file
npm error Missing: @babel/plugin-syntax-import-meta@7.10.4 from lock file
npm error Missing: @babel/plugin-syntax-json-strings@7.8.3 from lock file
npm error Missing: @babel/plugin-syntax-logical-assignment-operators@7.10.4 from lock file
npm error Missing: @babel/plugin-syntax-nullish-coalescing-operator@7.8.3 from lock file
npm error Missing: @babel/plugin-syntax-numeric-separator@7.10.4 from lock file
npm error Missing: @babel/plugin-syntax-object-rest-spread@7.8.3 from lock file
npm error Missing: @babel/plugin-syntax-optional-catch-binding@7.8.3 from lock file
npm error Missing: @babel/plugin-syntax-optional-chaining@7.8.3 from lock file
npm error Missing: @babel/plugin-syntax-private-property-in-object@7.14.5 from lock file
npm error Missing: @babel/plugin-syntax-top-level-await@7.14.5 from lock file
npm error Missing: @jest/environment@29.7.0 from lock file
npm error Missing: @jest/expect@29.7.0 from lock file
npm error Missing: co@4.6.0 from lock file
npm error Missing: dedent@1.5.3 from lock file
npm error Missing: is-generator-fn@2.1.0 from lock file
npm error Missing: jest-each@29.7.0 from lock file
npm error Missing: jest-matcher-utils@29.7.0 from lock file
npm error Missing: pure-rand@6.1.0 from lock file
npm error Missing: stack-utils@2.0.6 from lock file
npm error Missing: @jest/fake-timers@29.7.0 from lock file
npm error Missing: jest-mock@29.7.0 from lock file
npm error Missing: expect@29.7.0 from lock file
npm error Missing: @sinonjs/fake-timers@10.3.0 from lock file
npm error Missing: @sinonjs/commons@3.0.1 from lock file
npm error Missing: type-detect@4.0.8 from lock file
npm error Missing: @jest/expect-utils@29.7.0 from lock file
npm error Missing: @types/graceful-fs@4.1.9 from lock file
npm error Missing: anymatch@3.1.3 from lock file
npm error Missing: fb-watchman@2.0.2 from lock file
npm error Missing: fsevents@2.3.3 from lock file
npm error Missing: walker@1.0.8 from lock file
npm error Missing: normalize-path@3.0.0 from lock file
npm error Missing: picomatch@2.3.1 from lock file
npm error Missing: bser@2.1.1 from lock file
npm error Missing: node-int64@0.4.0 from lock file
npm error Missing: jest-diff@29.7.0 from lock file
npm error Missing: diff-sequences@29.6.3 from lock file
npm error Missing: @types/stack-utils@2.0.3 from lock file
npm error Missing: jest-pnp-resolver@1.2.3 from lock file
npm error Missing: resolve@1.22.10 from lock file
npm error Missing: resolve.exports@2.0.3 from lock file
npm error Missing: emittery@0.13.1 from lock file
npm error Missing: jest-docblock@29.7.0 from lock file
npm error Missing: jest-leak-detector@29.7.0 from lock file
npm error Missing: source-map-support@0.5.13 from lock file
npm error Missing: detect-newline@3.1.0 from lock file
npm error Missing: @jest/globals@29.7.0 from lock file
npm error Missing: @jest/source-map@29.6.3 from lock file
npm error Missing: cjs-module-lexer@1.4.3 from lock file
npm error Missing: strip-bom@4.0.0 from lock file
npm error Missing: @babel/plugin-syntax-jsx@7.25.9 from lock file
npm error Missing: @babel/plugin-syntax-typescript@7.25.9 from lock file
npm error Missing: camelcase@6.3.0 from lock file
npm error Missing: leven@3.1.0 from lock file
npm error Missing: supports-color@8.1.1 from lock file
npm error Missing: braces@3.0.3 from lock file
npm error Missing: fill-range@7.1.1 from lock file
npm error Missing: to-regex-range@5.0.1 from lock file
npm error Missing: mimic-fn@2.1.0 from lock file
npm error Missing: error-ex@1.3.2 from lock file
npm error Missing: json-parse-even-better-errors@2.3.1 from lock file
npm error Missing: lines-and-columns@1.2.4 from lock file
npm error Missing: is-arrayish@0.2.1 from lock file
npm error Missing: find-up@4.1.0 from lock file
npm error Missing: ansi-styles@5.2.0 from lock file
npm error Missing: react-is@18.3.1 from lock file
npm error Missing: kleur@3.0.3 from lock file
npm error Missing: sisteransi@1.0.5 from lock file
npm error Missing: is-core-module@2.16.1 from lock file
npm error Missing: path-parse@1.0.7 from lock file
npm error Missing: supports-preserve-symlinks-flag@1.0.0 from lock file
npm error Missing: resolve-from@5.0.0 from lock file
npm error Missing: buffer-from@1.1.2 from lock file
npm error Missing: escape-string-regexp@2.0.0 from lock file
npm error Missing: char-regex@1.0.2 from lock file
npm error Missing: is-number@7.0.0 from lock file
npm error Missing: makeerror@1.0.12 from lock file
npm error Missing: tmpl@1.0.5 from lock file
npm error Missing: ms@2.1.3 from lock file
npm error Missing: yallist@3.1.1 from lock file
npm error Missing: ms@2.1.3 from lock file
npm error Missing: locate-path@5.0.0 from lock file
npm error Missing: argparse@1.0.10 from lock file
npm error Missing: esprima@4.0.1 from lock file
npm error Missing: sprintf-js@1.0.3 from lock file
npm error Missing: p-locate@4.1.0 from lock file
npm error Missing: p-limit@2.3.0 from lock file
npm error Missing: p-try@2.2.0 from lock file
npm error Missing: semver@6.3.1 from lock file
npm error Missing: ms@2.1.3 from lock file
npm error Missing: locate-path@5.0.0 from lock file
npm error Missing: p-locate@4.1.0 from lock file
npm error Missing: p-limit@2.3.0 from lock file
npm error
npm error Clean install a project
npm error
npm error Usage:
npm error npm ci
npm error
npm error Options:
npm error [--install-strategy <hoisted|nested|shallow|linked>] [--legacy-bundling]
npm error [--global-style] [--omit <dev|optional|peer> [--omit <dev|optional|peer> ...]]
npm error [--include <prod|dev|optional|peer> [--include <prod|dev|optional|peer> ...]]
npm error [--strict-peer-deps] [--foreground-scripts] [--ignore-scripts] [--no-audit]
npm error [--no-bin-links] [--no-fund] [--dry-run]
npm error [-w|--workspace <workspace-name> [-w|--workspace <workspace-name> ...]]
npm error [-ws|--workspaces] [--include-workspace-root] [--install-links]
npm error
npm error aliases: clean-install, ic, install-clean, isntall-clean
npm error
npm error Run "npm help ci" for more info
npm error A complete log of this run can be found in: /www-data-home/.npm/_logs/2025-03-04T18_16_09_129Z-debug-0.log. For more details see the logs at https://console.cloud.google.com/cloud-build/builds;region=us-central1/fca13579-7e18-48dd-b4b3-a87ba1572552?project=572276226266.
[debug] [2025-03-04T18:16:45.745Z] Total Function Deployment time: 71730
[debug] [2025-03-04T18:16:45.745Z] 1 Functions Deployed
[debug] [2025-03-04T18:16:45.745Z] 1 Functions Errored
[debug] [2025-03-04T18:16:45.745Z] 0 Function Deployments Aborted
[debug] [2025-03-04T18:16:45.745Z] Average Function Deployment time: 71727
[info] 
[info] Functions deploy had errors with the following functions:
	helloWorld(us-central1)
[debug] [2025-03-04T18:16:46.304Z] Not printing URL for HTTPS function. Typically this means it didn't match a filter or we failed deployment
[info] i  functions: cleaning up build files... 
[debug] [2025-03-04T18:16:46.309Z] Checked if tokens are valid: true, expires at: 1741114991078
[debug] [2025-03-04T18:16:46.309Z] Checked if tokens are valid: true, expires at: 1741114991078
[debug] [2025-03-04T18:16:46.311Z] Checked if tokens are valid: true, expires at: 1741114991078
[debug] [2025-03-04T18:16:46.311Z] Checked if tokens are valid: true, expires at: 1741114991078
[debug] [2025-03-04T18:16:46.311Z] >>> [apiv2][query] DELETE https://artifactregistry.googleapis.com/v1beta2/projects/elephantapp-21e34/locations/us-central1/repositories/gcf-artifacts/packages/hello_world [none]
[debug] [2025-03-04T18:16:46.314Z] >>> [apiv2][query] GET https://us.gcr.io/v2/elephantapp-21e34/gcf/us-central1/tags/list [none]
[debug] [2025-03-04T18:16:47.204Z] <<< [apiv2][status] GET https://us.gcr.io/v2/elephantapp-21e34/gcf/us-central1/tags/list 404
[debug] [2025-03-04T18:16:47.204Z] <<< [apiv2][body] GET https://us.gcr.io/v2/elephantapp-21e34/gcf/us-central1/tags/list {"errors":[{"code":"NAME_UNKNOWN","message":"Repository \"us.gcr.io\" not found"}]}
[debug] [2025-03-04T18:16:47.205Z] Failed docker command with error  Request to https://us.gcr.io/v2/elephantapp-21e34/gcf/us-central1/tags/list had HTTP Error: 404, Not Found {"name":"FirebaseError","children":[],"context":{"body":{"errors":[{"code":"NAME_UNKNOWN","message":"Repository \"us.gcr.io\" not found"}],"error":{"message":"Not Found"}},"response":{"statusCode":404}},"exit":1,"message":"Request to https://us.gcr.io/v2/elephantapp-21e34/gcf/us-central1/tags/list had HTTP Error: 404, Not Found","status":404}
[debug] [2025-03-04T18:16:47.206Z] Checked if tokens are valid: true, expires at: 1741114991078
[debug] [2025-03-04T18:16:47.206Z] Checked if tokens are valid: true, expires at: 1741114991078
[debug] [2025-03-04T18:16:47.206Z] >>> [apiv2][query] GET https://us.gcr.io/v2/elephantapp-21e34/gcf/us-central1/tags/list [none]
[debug] [2025-03-04T18:16:47.480Z] <<< [apiv2][status] GET https://us.gcr.io/v2/elephantapp-21e34/gcf/us-central1/tags/list 404
[debug] [2025-03-04T18:16:47.481Z] <<< [apiv2][body] GET https://us.gcr.io/v2/elephantapp-21e34/gcf/us-central1/tags/list {"errors":[{"code":"NAME_UNKNOWN","message":"Repository \"us.gcr.io\" not found"}]}
[debug] [2025-03-04T18:16:47.482Z] Failed docker command with error  Request to https://us.gcr.io/v2/elephantapp-21e34/gcf/us-central1/tags/list had HTTP Error: 404, Not Found {"name":"FirebaseError","children":[],"context":{"body":{"errors":[{"code":"NAME_UNKNOWN","message":"Repository \"us.gcr.io\" not found"}],"error":{"message":"Not Found"}},"response":{"statusCode":404}},"exit":1,"message":"Request to https://us.gcr.io/v2/elephantapp-21e34/gcf/us-central1/tags/list had HTTP Error: 404, Not Found","status":404}
[debug] [2025-03-04T18:16:47.587Z] Checked if tokens are valid: true, expires at: 1741114991078
[debug] [2025-03-04T18:16:47.588Z] Checked if tokens are valid: true, expires at: 1741114991078
[debug] [2025-03-04T18:16:47.588Z] >>> [apiv2][query] GET https://us.gcr.io/v2/elephantapp-21e34/gcf/us-central1/tags/list [none]
[debug] [2025-03-04T18:16:47.848Z] <<< [apiv2][status] GET https://us.gcr.io/v2/elephantapp-21e34/gcf/us-central1/tags/list 404
[debug] [2025-03-04T18:16:47.849Z] <<< [apiv2][body] GET https://us.gcr.io/v2/elephantapp-21e34/gcf/us-central1/tags/list {"errors":[{"code":"NAME_UNKNOWN","message":"Repository \"us.gcr.io\" not found"}]}
[debug] [2025-03-04T18:16:47.849Z] Failed docker command with error  Request to https://us.gcr.io/v2/elephantapp-21e34/gcf/us-central1/tags/list had HTTP Error: 404, Not Found {"name":"FirebaseError","children":[],"context":{"body":{"errors":[{"code":"NAME_UNKNOWN","message":"Repository \"us.gcr.io\" not found"}],"error":{"message":"Not Found"}},"response":{"statusCode":404}},"exit":1,"message":"Request to https://us.gcr.io/v2/elephantapp-21e34/gcf/us-central1/tags/list had HTTP Error: 404, Not Found","status":404}
[debug] [2025-03-04T18:16:50.843Z] *** [apiv2] error from fetch(https://artifactregistry.googleapis.com/v1beta2/projects/elephantapp-21e34/locations/us-central1/repositories/gcf-artifacts/packages/hello_world, {"headers":{},"method":"DELETE"}): FetchError: request to https://artifactregistry.googleapis.com/v1beta2/projects/elephantapp-21e34/locations/us-central1/repositories/gcf-artifacts/packages/hello_world failed, reason: Socket connection timeout
[warn] !  functions: Unhandled error cleaning up build images. This could result in a small monthly bill if not corrected. You can attempt to delete these images by redeploying or you can delete them manually at
	https://console.cloud.google.com/gcr/images/elephantapp-21e34/us/gcf
	https://console.cloud.google.com/artifacts/docker/elephantapp-21e34/us-central1/gcf-artifacts 
[debug] [2025-03-04T18:16:50.850Z] Functions deploy failed.
[debug] [2025-03-04T18:16:50.850Z] {
  "endpoint": {
    "id": "helloWorld",
    "project": "elephantapp-21e34",
    "region": "us-central1",
    "entryPoint": "helloWorld",
    "platform": "gcfv2",
    "runtime": "nodejs22",
    "httpsTrigger": {},
    "labels": {
      "deployment-tool": "cli-firebase"
    },
    "ingressSettings": null,
    "availableMemoryMb": null,
    "serviceAccount": null,
    "timeoutSeconds": null,
    "maxInstances": null,
    "minInstances": null,
    "concurrency": 80,
    "vpc": null,
    "environmentVariables": {
      "FIREBASE_CONFIG": "{\"projectId\":\"elephantapp-21e34\",\"storageBucket\":\"elephantapp-21e34.appspot.com\",\"locationId\":\"us-central\"}",
      "GCLOUD_PROJECT": "elephantapp-21e34",
      "EVENTARC_CLOUD_EVENT_SOURCE": "projects/elephantapp-21e34/locations/us-central1/services/helloWorld"
    },
    "codebase": "default",
    "cpu": 1,
    "targetedByOnly": false,
    "hash": "82fb29c5e5550af8691706e1d80c556ff84e11a6"
  },
  "op": "create",
  "original": {
    "name": "FirebaseError",
    "children": [],
    "exit": 1,
    "message": "Build failed with status: FAILURE and message: npm error code EUSAGE\nnpm error\nnpm error `npm ci` can only install packages when your package.json and package-lock.json or npm-shrinkwrap.json are in sync. Please update your lock file with `npm install` before continuing.\nnpm error\nnpm error Missing: jest@29.7.0 from lock file\nnpm error Missing: @jest/core@29.7.0 from lock file\nnpm error Missing: @jest/types@29.6.3 from lock file\nnpm error Missing: import-local@3.2.0 from lock file\nnpm error Missing: jest-cli@29.7.0 from lock file\nnpm error Missing: @jest/console@29.7.0 from lock file\nnpm error Missing: @jest/reporters@29.7.0 from lock file\nnpm error Missing: @jest/test-result@29.7.0 from lock file\nnpm error Missing: @jest/transform@29.7.0 from lock file\nnpm error Missing: ansi-escapes@4.3.2 from lock file\nnpm error Missing: ci-info@3.9.0 from lock file\nnpm error Missing: exit@0.1.2 from lock file\nnpm error Missing: graceful-fs@4.2.11 from lock file\nnpm error Missing: jest-changed-files@29.7.0 from lock file\nnpm error Missing: jest-config@29.7.0 from lock file\nnpm error Missing: jest-haste-map@29.7.0 from lock file\nnpm error Missing: jest-message-util@29.7.0 from lock file\nnpm error Missing: jest-regex-util@29.6.3 from lock file\nnpm error Missing: jest-resolve@29.7.0 from lock file\nnpm error Missing: jest-resolve-dependencies@29.7.0 from lock file\nnpm error Missing: jest-runner@29.7.0 from lock file\nnpm error Missing: jest-runtime@29.7.0 from lock file\nnpm error Missing: jest-snapshot@29.7.0 from lock file\nnpm error Missing: jest-util@29.7.0 from lock file\nnpm error Missing: jest-validate@29.7.0 from lock file\nnpm error Missing: jest-watcher@29.7.0 from lock file\nnpm error Missing: micromatch@4.0.8 from lock file\nnpm error Missing: pretty-format@29.7.0 from lock file\nnpm error Missing: slash@3.0.0 from lock file\nnpm error Missing: @bcoe/v8-coverage@0.2.3 from lock file\nnpm error Missing: @jridgewell/trace-mapping@0.3.25 from lock file\nnpm error Missing: collect-v8-coverage@1.0.2 from lock file\nnpm error Missing: istanbul-lib-coverage@3.2.2 from lock file\nnpm error Missing: istanbul-lib-instrument@6.0.3 from lock file\nnpm error Missing: istanbul-lib-report@3.0.1 from lock file\nnpm error Missing: istanbul-lib-source-maps@4.0.1 from lock file\nnpm error Missing: istanbul-reports@3.1.7 from lock file\nnpm error Missing: jest-worker@29.7.0 from lock file\nnpm error Missing: string-length@4.0.2 from lock file\nnpm error Missing: v8-to-istanbul@9.3.0 from lock file\nnpm error Missing: @types/istanbul-lib-coverage@2.0.6 from lock file\nnpm error Missing: @babel/core@7.26.9 from lock file\nnpm error Missing: babel-plugin-istanbul@6.1.1 from lock file\nnpm error Missing: convert-source-map@2.0.0 from lock file\nnpm error Missing: pirates@4.0.6 from lock file\nnpm error Missing: write-file-atomic@4.0.2 from lock file\nnpm error Missing: @ampproject/remapping@2.3.0 from lock file\nnpm error Missing: @babel/code-frame@7.26.2 from lock file\nnpm error Missing: @babel/generator@7.26.9 from lock file\nnpm error Missing: @babel/helper-compilation-targets@7.26.5 from lock file\nnpm error Missing: @babel/helper-module-transforms@7.26.0 from lock file\nnpm error Missing: @babel/helpers@7.26.9 from lock file\nnpm error Missing: @babel/parser@7.26.9 from lock file\nnpm error Missing: @babel/template@7.26.9 from lock file\nnpm error Missing: @babel/traverse@7.26.9 from lock file\nnpm error Missing: @babel/types@7.26.9 from lock file\nnpm error Missing: debug@4.4.0 from lock file\nnpm error Missing: gensync@1.0.0-beta.2 from lock file\nnpm error Missing: json5@2.2.3 from lock file\nnpm error Missing: semver@6.3.1 from lock file\nnpm error Missing: @jridgewell/gen-mapping@0.3.8 from lock file\nnpm error Missing: @babel/helper-validator-identifier@7.25.9 from lock file\nnpm error Missing: js-tokens@4.0.0 from lock file\nnpm error Missing: picocolors@1.1.1 from lock file\nnpm error Missing: jsesc@3.1.0 from lock file\nnpm error Missing: @babel/compat-data@7.26.8 from lock file\nnpm error Missing: @babel/helper-validator-option@7.25.9 from lock file\nnpm error Missing: browserslist@4.24.4 from lock file\nnpm error Missing: lru-cache@5.1.1 from lock file\nnpm error Missing: semver@6.3.1 from lock file\nnpm error Missing: @babel/helper-module-imports@7.25.9 from lock file\nnpm error Missing: debug@4.4.0 from lock file\nnpm error Missing: globals@11.12.0 from lock file\nnpm error Missing: @babel/helper-string-parser@7.25.9 from lock file\nnpm error Missing: @jest/schemas@29.6.3 from lock file\nnpm error Missing: @types/istanbul-reports@3.0.4 from lock file\nnpm error Missing: @types/yargs@17.0.33 from lock file\nnpm error Missing: @sinclair/typebox@0.27.8 from lock file\nnpm error Missing: @jridgewell/set-array@1.2.1 from lock file\nnpm error Missing: @jridgewell/sourcemap-codec@1.5.0 from lock file\nnpm error Missing: @jridgewell/resolve-uri@3.1.2 from lock file\nnpm error Missing: @types/istanbul-lib-report@3.0.3 from lock file\nnpm error Missing: @types/yargs-parser@21.0.3 from lock file\nnpm error Missing: type-fest@0.21.3 from lock file\nnpm error Missing: @babel/helper-plugin-utils@7.26.5 from lock file\nnpm error Missing: @istanbuljs/load-nyc-config@1.1.0 from lock file\nnpm error Missing: @istanbuljs/schema@0.1.3 from lock file\nnpm error Missing: istanbul-lib-instrument@5.2.1 from lock file\nnpm error Missing: test-exclude@6.0.0 from lock file\nnpm error Missing: camelcase@5.3.1 from lock file\nnpm error Missing: find-up@4.1.0 from lock file\nnpm error Missing: get-package-type@0.1.0 from lock file\nnpm error Missing: js-yaml@3.14.1 from lock file\nnpm error Missing: resolve-from@5.0.0 from lock file\nnpm error Missing: caniuse-lite@1.0.30001702 from lock file\nnpm error Missing: electron-to-chromium@1.5.112 from lock file\nnpm error Missing: node-releases@2.0.19 from lock file\nnpm error Missing: update-browserslist-db@1.1.3 from lock file\nnpm error Missing: pkg-dir@4.2.0 from lock file\nnpm error Missing: resolve-cwd@3.0.0 from lock file\nnpm error Missing: make-dir@4.0.0 from lock file\nnpm error Missing: debug@4.4.0 from lock file\nnpm error Missing: source-map@0.6.1 from lock file\nnpm error Missing: html-escaper@2.0.2 from lock file\nnpm error Missing: execa@5.1.1 from lock file\nnpm error Missing: get-stream@6.0.1 from lock file\nnpm error Missing: human-signals@2.1.0 from lock file\nnpm error Missing: merge-stream@2.0.0 from lock file\nnpm error Missing: npm-run-path@4.0.1 from lock file\nnpm error Missing: onetime@5.1.2 from lock file\nnpm error Missing: signal-exit@3.0.7 from lock file\nnpm error Missing: strip-final-newline@2.0.0 from lock file\nnpm error Missing: create-jest@29.7.0 from lock file\nnpm error Missing: prompts@2.4.2 from lock file\nnpm error Missing: @jest/test-sequencer@29.7.0 from lock file\nnpm error Missing: babel-jest@29.7.0 from lock file\nnpm error Missing: deepmerge@4.3.1 from lock file\nnpm error Missing: jest-circus@29.7.0 from lock file\nnpm error Missing: jest-environment-node@29.7.0 from lock file\nnpm error Missing: jest-get-type@29.6.3 from lock file\nnpm error Missing: parse-json@5.2.0 from lock file\nnpm error Missing: @types/babel__core@7.20.5 from lock file\nnpm error Missing: babel-preset-jest@29.6.3 from lock file\nnpm error Missing: @types/babel__generator@7.6.8 from lock file\nnpm error Missing: @types/babel__template@7.4.4 from lock file\nnpm error Missing: @types/babel__traverse@7.20.6 from lock file\nnpm error Missing: babel-plugin-jest-hoist@29.6.3 from lock file\nnpm error Missing: babel-preset-current-node-syntax@1.1.0 from lock file\nnpm error Missing: @babel/plugin-syntax-async-generators@7.8.4 from lock file\nnpm error Missing: @babel/plugin-syntax-bigint@7.8.3 from lock file\nnpm error Missing: @babel/plugin-syntax-class-properties@7.12.13 from lock file\nnpm error Missing: @babel/plugin-syntax-class-static-block@7.14.5 from lock file\nnpm error Missing: @babel/plugin-syntax-import-attributes@7.26.0 from lock file\nnpm error Missing: @babel/plugin-syntax-import-meta@7.10.4 from lock file\nnpm error Missing: @babel/plugin-syntax-json-strings@7.8.3 from lock file\nnpm error Missing: @babel/plugin-syntax-logical-assignment-operators@7.10.4 from lock file\nnpm error Missing: @babel/plugin-syntax-nullish-coalescing-operator@7.8.3 from lock file\nnpm error Missing: @babel/plugin-syntax-numeric-separator@7.10.4 from lock file\nnpm error Missing: @babel/plugin-syntax-object-rest-spread@7.8.3 from lock file\nnpm error Missing: @babel/plugin-syntax-optional-catch-binding@7.8.3 from lock file\nnpm error Missing: @babel/plugin-syntax-optional-chaining@7.8.3 from lock file\nnpm error Missing: @babel/plugin-syntax-private-property-in-object@7.14.5 from lock file\nnpm error Missing: @babel/plugin-syntax-top-level-await@7.14.5 from lock file\nnpm error Missing: @jest/environment@29.7.0 from lock file\nnpm error Missing: @jest/expect@29.7.0 from lock file\nnpm error Missing: co@4.6.0 from lock file\nnpm error Missing: dedent@1.5.3 from lock file\nnpm error Missing: is-generator-fn@2.1.0 from lock file\nnpm error Missing: jest-each@29.7.0 from lock file\nnpm error Missing: jest-matcher-utils@29.7.0 from lock file\nnpm error Missing: pure-rand@6.1.0 from lock file\nnpm error Missing: stack-utils@2.0.6 from lock file\nnpm error Missing: @jest/fake-timers@29.7.0 from lock file\nnpm error Missing: jest-mock@29.7.0 from lock file\nnpm error Missing: expect@29.7.0 from lock file\nnpm error Missing: @sinonjs/fake-timers@10.3.0 from lock file\nnpm error Missing: @sinonjs/commons@3.0.1 from lock file\nnpm error Missing: type-detect@4.0.8 from lock file\nnpm error Missing: @jest/expect-utils@29.7.0 from lock file\nnpm error Missing: @types/graceful-fs@4.1.9 from lock file\nnpm error Missing: anymatch@3.1.3 from lock file\nnpm error Missing: fb-watchman@2.0.2 from lock file\nnpm error Missing: fsevents@2.3.3 from lock file\nnpm error Missing: walker@1.0.8 from lock file\nnpm error Missing: normalize-path@3.0.0 from lock file\nnpm error Missing: picomatch@2.3.1 from lock file\nnpm error Missing: bser@2.1.1 from lock file\nnpm error Missing: node-int64@0.4.0 from lock file\nnpm error Missing: jest-diff@29.7.0 from lock file\nnpm error Missing: diff-sequences@29.6.3 from lock file\nnpm error Missing: @types/stack-utils@2.0.3 from lock file\nnpm error Missing: jest-pnp-resolver@1.2.3 from lock file\nnpm error Missing: resolve@1.22.10 from lock file\nnpm error Missing: resolve.exports@2.0.3 from lock file\nnpm error Missing: emittery@0.13.1 from lock file\nnpm error Missing: jest-docblock@29.7.0 from lock file\nnpm error Missing: jest-leak-detector@29.7.0 from lock file\nnpm error Missing: source-map-support@0.5.13 from lock file\nnpm error Missing: detect-newline@3.1.0 from lock file\nnpm error Missing: @jest/globals@29.7.0 from lock file\nnpm error Missing: @jest/source-map@29.6.3 from lock file\nnpm error Missing: cjs-module-lexer@1.4.3 from lock file\nnpm error Missing: strip-bom@4.0.0 from lock file\nnpm error Missing: @babel/plugin-syntax-jsx@7.25.9 from lock file\nnpm error Missing: @babel/plugin-syntax-typescript@7.25.9 from lock file\nnpm error Missing: camelcase@6.3.0 from lock file\nnpm error Missing: leven@3.1.0 from lock file\nnpm error Missing: supports-color@8.1.1 from lock file\nnpm error Missing: braces@3.0.3 from lock file\nnpm error Missing: fill-range@7.1.1 from lock file\nnpm error Missing: to-regex-range@5.0.1 from lock file\nnpm error Missing: mimic-fn@2.1.0 from lock file\nnpm error Missing: error-ex@1.3.2 from lock file\nnpm error Missing: json-parse-even-better-errors@2.3.1 from lock file\nnpm error Missing: lines-and-columns@1.2.4 from lock file\nnpm error Missing: is-arrayish@0.2.1 from lock file\nnpm error Missing: find-up@4.1.0 from lock file\nnpm error Missing: ansi-styles@5.2.0 from lock file\nnpm error Missing: react-is@18.3.1 from lock file\nnpm error Missing: kleur@3.0.3 from lock file\nnpm error Missing: sisteransi@1.0.5 from lock file\nnpm error Missing: is-core-module@2.16.1 from lock file\nnpm error Missing: path-parse@1.0.7 from lock file\nnpm error Missing: supports-preserve-symlinks-flag@1.0.0 from lock file\nnpm error Missing: resolve-from@5.0.0 from lock file\nnpm error Missing: buffer-from@1.1.2 from lock file\nnpm error Missing: escape-string-regexp@2.0.0 from lock file\nnpm error Missing: char-regex@1.0.2 from lock file\nnpm error Missing: is-number@7.0.0 from lock file\nnpm error Missing: makeerror@1.0.12 from lock file\nnpm error Missing: tmpl@1.0.5 from lock file\nnpm error Missing: ms@2.1.3 from lock file\nnpm error Missing: yallist@3.1.1 from lock file\nnpm error Missing: ms@2.1.3 from lock file\nnpm error Missing: locate-path@5.0.0 from lock file\nnpm error Missing: argparse@1.0.10 from lock file\nnpm error Missing: esprima@4.0.1 from lock file\nnpm error Missing: sprintf-js@1.0.3 from lock file\nnpm error Missing: p-locate@4.1.0 from lock file\nnpm error Missing: p-limit@2.3.0 from lock file\nnpm error Missing: p-try@2.2.0 from lock file\nnpm error Missing: semver@6.3.1 from lock file\nnpm error Missing: ms@2.1.3 from lock file\nnpm error Missing: locate-path@5.0.0 from lock file\nnpm error Missing: p-locate@4.1.0 from lock file\nnpm error Missing: p-limit@2.3.0 from lock file\nnpm error\nnpm error Clean install a project\nnpm error\nnpm error Usage:\nnpm error npm ci\nnpm error\nnpm error Options:\nnpm error [--install-strategy <hoisted|nested|shallow|linked>] [--legacy-bundling]\nnpm error [--global-style] [--omit <dev|optional|peer> [--omit <dev|optional|peer> ...]]\nnpm error [--include <prod|dev|optional|peer> [--include <prod|dev|optional|peer> ...]]\nnpm error [--strict-peer-deps] [--foreground-scripts] [--ignore-scripts] [--no-audit]\nnpm error [--no-bin-links] [--no-fund] [--dry-run]\nnpm error [-w|--workspace <workspace-name> [-w|--workspace <workspace-name> ...]]\nnpm error [-ws|--workspaces] [--include-workspace-root] [--install-links]\nnpm error\nnpm error aliases: clean-install, ic, install-clean, isntall-clean\nnpm error\nnpm error Run \"npm help ci\" for more info\nnpm error A complete log of this run can be found in: /www-data-home/.npm/_logs/2025-03-04T18_16_09_129Z-debug-0.log. For more details see the logs at https://console.cloud.google.com/cloud-build/builds;region=us-central1/fca13579-7e18-48dd-b4b3-a87ba1572552?project=572276226266.",
    "original": {
      "code": 3,
      "message": "Build failed with status: FAILURE and message: npm error code EUSAGE\nnpm error\nnpm error `npm ci` can only install packages when your package.json and package-lock.json or npm-shrinkwrap.json are in sync. Please update your lock file with `npm install` before continuing.\nnpm error\nnpm error Missing: jest@29.7.0 from lock file\nnpm error Missing: @jest/core@29.7.0 from lock file\nnpm error Missing: @jest/types@29.6.3 from lock file\nnpm error Missing: import-local@3.2.0 from lock file\nnpm error Missing: jest-cli@29.7.0 from lock file\nnpm error Missing: @jest/console@29.7.0 from lock file\nnpm error Missing: @jest/reporters@29.7.0 from lock file\nnpm error Missing: @jest/test-result@29.7.0 from lock file\nnpm error Missing: @jest/transform@29.7.0 from lock file\nnpm error Missing: ansi-escapes@4.3.2 from lock file\nnpm error Missing: ci-info@3.9.0 from lock file\nnpm error Missing: exit@0.1.2 from lock file\nnpm error Missing: graceful-fs@4.2.11 from lock file\nnpm error Missing: jest-changed-files@29.7.0 from lock file\nnpm error Missing: jest-config@29.7.0 from lock file\nnpm error Missing: jest-haste-map@29.7.0 from lock file\nnpm error Missing: jest-message-util@29.7.0 from lock file\nnpm error Missing: jest-regex-util@29.6.3 from lock file\nnpm error Missing: jest-resolve@29.7.0 from lock file\nnpm error Missing: jest-resolve-dependencies@29.7.0 from lock file\nnpm error Missing: jest-runner@29.7.0 from lock file\nnpm error Missing: jest-runtime@29.7.0 from lock file\nnpm error Missing: jest-snapshot@29.7.0 from lock file\nnpm error Missing: jest-util@29.7.0 from lock file\nnpm error Missing: jest-validate@29.7.0 from lock file\nnpm error Missing: jest-watcher@29.7.0 from lock file\nnpm error Missing: micromatch@4.0.8 from lock file\nnpm error Missing: pretty-format@29.7.0 from lock file\nnpm error Missing: slash@3.0.0 from lock file\nnpm error Missing: @bcoe/v8-coverage@0.2.3 from lock file\nnpm error Missing: @jridgewell/trace-mapping@0.3.25 from lock file\nnpm error Missing: collect-v8-coverage@1.0.2 from lock file\nnpm error Missing: istanbul-lib-coverage@3.2.2 from lock file\nnpm error Missing: istanbul-lib-instrument@6.0.3 from lock file\nnpm error Missing: istanbul-lib-report@3.0.1 from lock file\nnpm error Missing: istanbul-lib-source-maps@4.0.1 from lock file\nnpm error Missing: istanbul-reports@3.1.7 from lock file\nnpm error Missing: jest-worker@29.7.0 from lock file\nnpm error Missing: string-length@4.0.2 from lock file\nnpm error Missing: v8-to-istanbul@9.3.0 from lock file\nnpm error Missing: @types/istanbul-lib-coverage@2.0.6 from lock file\nnpm error Missing: @babel/core@7.26.9 from lock file\nnpm error Missing: babel-plugin-istanbul@6.1.1 from lock file\nnpm error Missing: convert-source-map@2.0.0 from lock file\nnpm error Missing: pirates@4.0.6 from lock file\nnpm error Missing: write-file-atomic@4.0.2 from lock file\nnpm error Missing: @ampproject/remapping@2.3.0 from lock file\nnpm error Missing: @babel/code-frame@7.26.2 from lock file\nnpm error Missing: @babel/generator@7.26.9 from lock file\nnpm error Missing: @babel/helper-compilation-targets@7.26.5 from lock file\nnpm error Missing: @babel/helper-module-transforms@7.26.0 from lock file\nnpm error Missing: @babel/helpers@7.26.9 from lock file\nnpm error Missing: @babel/parser@7.26.9 from lock file\nnpm error Missing: @babel/template@7.26.9 from lock file\nnpm error Missing: @babel/traverse@7.26.9 from lock file\nnpm error Missing: @babel/types@7.26.9 from lock file\nnpm error Missing: debug@4.4.0 from lock file\nnpm error Missing: gensync@1.0.0-beta.2 from lock file\nnpm error Missing: json5@2.2.3 from lock file\nnpm error Missing: semver@6.3.1 from lock file\nnpm error Missing: @jridgewell/gen-mapping@0.3.8 from lock file\nnpm error Missing: @babel/helper-validator-identifier@7.25.9 from lock file\nnpm error Missing: js-tokens@4.0.0 from lock file\nnpm error Missing: picocolors@1.1.1 from lock file\nnpm error Missing: jsesc@3.1.0 from lock file\nnpm error Missing: @babel/compat-data@7.26.8 from lock file\nnpm error Missing: @babel/helper-validator-option@7.25.9 from lock file\nnpm error Missing: browserslist@4.24.4 from lock file\nnpm error Missing: lru-cache@5.1.1 from lock file\nnpm error Missing: semver@6.3.1 from lock file\nnpm error Missing: @babel/helper-module-imports@7.25.9 from lock file\nnpm error Missing: debug@4.4.0 from lock file\nnpm error Missing: globals@11.12.0 from lock file\nnpm error Missing: @babel/helper-string-parser@7.25.9 from lock file\nnpm error Missing: @jest/schemas@29.6.3 from lock file\nnpm error Missing: @types/istanbul-reports@3.0.4 from lock file\nnpm error Missing: @types/yargs@17.0.33 from lock file\nnpm error Missing: @sinclair/typebox@0.27.8 from lock file\nnpm error Missing: @jridgewell/set-array@1.2.1 from lock file\nnpm error Missing: @jridgewell/sourcemap-codec@1.5.0 from lock file\nnpm error Missing: @jridgewell/resolve-uri@3.1.2 from lock file\nnpm error Missing: @types/istanbul-lib-report@3.0.3 from lock file\nnpm error Missing: @types/yargs-parser@21.0.3 from lock file\nnpm error Missing: type-fest@0.21.3 from lock file\nnpm error Missing: @babel/helper-plugin-utils@7.26.5 from lock file\nnpm error Missing: @istanbuljs/load-nyc-config@1.1.0 from lock file\nnpm error Missing: @istanbuljs/schema@0.1.3 from lock file\nnpm error Missing: istanbul-lib-instrument@5.2.1 from lock file\nnpm error Missing: test-exclude@6.0.0 from lock file\nnpm error Missing: camelcase@5.3.1 from lock file\nnpm error Missing: find-up@4.1.0 from lock file\nnpm error Missing: get-package-type@0.1.0 from lock file\nnpm error Missing: js-yaml@3.14.1 from lock file\nnpm error Missing: resolve-from@5.0.0 from lock file\nnpm error Missing: caniuse-lite@1.0.30001702 from lock file\nnpm error Missing: electron-to-chromium@1.5.112 from lock file\nnpm error Missing: node-releases@2.0.19 from lock file\nnpm error Missing: update-browserslist-db@1.1.3 from lock file\nnpm error Missing: pkg-dir@4.2.0 from lock file\nnpm error Missing: resolve-cwd@3.0.0 from lock file\nnpm error Missing: make-dir@4.0.0 from lock file\nnpm error Missing: debug@4.4.0 from lock file\nnpm error Missing: source-map@0.6.1 from lock file\nnpm error Missing: html-escaper@2.0.2 from lock file\nnpm error Missing: execa@5.1.1 from lock file\nnpm error Missing: get-stream@6.0.1 from lock file\nnpm error Missing: human-signals@2.1.0 from lock file\nnpm error Missing: merge-stream@2.0.0 from lock file\nnpm error Missing: npm-run-path@4.0.1 from lock file\nnpm error Missing: onetime@5.1.2 from lock file\nnpm error Missing: signal-exit@3.0.7 from lock file\nnpm error Missing: strip-final-newline@2.0.0 from lock file\nnpm error Missing: create-jest@29.7.0 from lock file\nnpm error Missing: prompts@2.4.2 from lock file\nnpm error Missing: @jest/test-sequencer@29.7.0 from lock file\nnpm error Missing: babel-jest@29.7.0 from lock file\nnpm error Missing: deepmerge@4.3.1 from lock file\nnpm error Missing: jest-circus@29.7.0 from lock file\nnpm error Missing: jest-environment-node@29.7.0 from lock file\nnpm error Missing: jest-get-type@29.6.3 from lock file\nnpm error Missing: parse-json@5.2.0 from lock file\nnpm error Missing: @types/babel__core@7.20.5 from lock file\nnpm error Missing: babel-preset-jest@29.6.3 from lock file\nnpm error Missing: @types/babel__generator@7.6.8 from lock file\nnpm error Missing: @types/babel__template@7.4.4 from lock file\nnpm error Missing: @types/babel__traverse@7.20.6 from lock file\nnpm error Missing: babel-plugin-jest-hoist@29.6.3 from lock file\nnpm error Missing: babel-preset-current-node-syntax@1.1.0 from lock file\nnpm error Missing: @babel/plugin-syntax-async-generators@7.8.4 from lock file\nnpm error Missing: @babel/plugin-syntax-bigint@7.8.3 from lock file\nnpm error Missing: @babel/plugin-syntax-class-properties@7.12.13 from lock file\nnpm error Missing: @babel/plugin-syntax-class-static-block@7.14.5 from lock file\nnpm error Missing: @babel/plugin-syntax-import-attributes@7.26.0 from lock file\nnpm error Missing: @babel/plugin-syntax-import-meta@7.10.4 from lock file\nnpm error Missing: @babel/plugin-syntax-json-strings@7.8.3 from lock file\nnpm error Missing: @babel/plugin-syntax-logical-assignment-operators@7.10.4 from lock file\nnpm error Missing: @babel/plugin-syntax-nullish-coalescing-operator@7.8.3 from lock file\nnpm error Missing: @babel/plugin-syntax-numeric-separator@7.10.4 from lock file\nnpm error Missing: @babel/plugin-syntax-object-rest-spread@7.8.3 from lock file\nnpm error Missing: @babel/plugin-syntax-optional-catch-binding@7.8.3 from lock file\nnpm error Missing: @babel/plugin-syntax-optional-chaining@7.8.3 from lock file\nnpm error Missing: @babel/plugin-syntax-private-property-in-object@7.14.5 from lock file\nnpm error Missing: @babel/plugin-syntax-top-level-await@7.14.5 from lock file\nnpm error Missing: @jest/environment@29.7.0 from lock file\nnpm error Missing: @jest/expect@29.7.0 from lock file\nnpm error Missing: co@4.6.0 from lock file\nnpm error Missing: dedent@1.5.3 from lock file\nnpm error Missing: is-generator-fn@2.1.0 from lock file\nnpm error Missing: jest-each@29.7.0 from lock file\nnpm error Missing: jest-matcher-utils@29.7.0 from lock file\nnpm error Missing: pure-rand@6.1.0 from lock file\nnpm error Missing: stack-utils@2.0.6 from lock file\nnpm error Missing: @jest/fake-timers@29.7.0 from lock file\nnpm error Missing: jest-mock@29.7.0 from lock file\nnpm error Missing: expect@29.7.0 from lock file\nnpm error Missing: @sinonjs/fake-timers@10.3.0 from lock file\nnpm error Missing: @sinonjs/commons@3.0.1 from lock file\nnpm error Missing: type-detect@4.0.8 from lock file\nnpm error Missing: @jest/expect-utils@29.7.0 from lock file\nnpm error Missing: @types/graceful-fs@4.1.9 from lock file\nnpm error Missing: anymatch@3.1.3 from lock file\nnpm error Missing: fb-watchman@2.0.2 from lock file\nnpm error Missing: fsevents@2.3.3 from lock file\nnpm error Missing: walker@1.0.8 from lock file\nnpm error Missing: normalize-path@3.0.0 from lock file\nnpm error Missing: picomatch@2.3.1 from lock file\nnpm error Missing: bser@2.1.1 from lock file\nnpm error Missing: node-int64@0.4.0 from lock file\nnpm error Missing: jest-diff@29.7.0 from lock file\nnpm error Missing: diff-sequences@29.6.3 from lock file\nnpm error Missing: @types/stack-utils@2.0.3 from lock file\nnpm error Missing: jest-pnp-resolver@1.2.3 from lock file\nnpm error Missing: resolve@1.22.10 from lock file\nnpm error Missing: resolve.exports@2.0.3 from lock file\nnpm error Missing: emittery@0.13.1 from lock file\nnpm error Missing: jest-docblock@29.7.0 from lock file\nnpm error Missing: jest-leak-detector@29.7.0 from lock file\nnpm error Missing: source-map-support@0.5.13 from lock file\nnpm error Missing: detect-newline@3.1.0 from lock file\nnpm error Missing: @jest/globals@29.7.0 from lock file\nnpm error Missing: @jest/source-map@29.6.3 from lock file\nnpm error Missing: cjs-module-lexer@1.4.3 from lock file\nnpm error Missing: strip-bom@4.0.0 from lock file\nnpm error Missing: @babel/plugin-syntax-jsx@7.25.9 from lock file\nnpm error Missing: @babel/plugin-syntax-typescript@7.25.9 from lock file\nnpm error Missing: camelcase@6.3.0 from lock file\nnpm error Missing: leven@3.1.0 from lock file\nnpm error Missing: supports-color@8.1.1 from lock file\nnpm error Missing: braces@3.0.3 from lock file\nnpm error Missing: fill-range@7.1.1 from lock file\nnpm error Missing: to-regex-range@5.0.1 from lock file\nnpm error Missing: mimic-fn@2.1.0 from lock file\nnpm error Missing: error-ex@1.3.2 from lock file\nnpm error Missing: json-parse-even-better-errors@2.3.1 from lock file\nnpm error Missing: lines-and-columns@1.2.4 from lock file\nnpm error Missing: is-arrayish@0.2.1 from lock file\nnpm error Missing: find-up@4.1.0 from lock file\nnpm error Missing: ansi-styles@5.2.0 from lock file\nnpm error Missing: react-is@18.3.1 from lock file\nnpm error Missing: kleur@3.0.3 from lock file\nnpm error Missing: sisteransi@1.0.5 from lock file\nnpm error Missing: is-core-module@2.16.1 from lock file\nnpm error Missing: path-parse@1.0.7 from lock file\nnpm error Missing: supports-preserve-symlinks-flag@1.0.0 from lock file\nnpm error Missing: resolve-from@5.0.0 from lock file\nnpm error Missing: buffer-from@1.1.2 from lock file\nnpm error Missing: escape-string-regexp@2.0.0 from lock file\nnpm error Missing: char-regex@1.0.2 from lock file\nnpm error Missing: is-number@7.0.0 from lock file\nnpm error Missing: makeerror@1.0.12 from lock file\nnpm error Missing: tmpl@1.0.5 from lock file\nnpm error Missing: ms@2.1.3 from lock file\nnpm error Missing: yallist@3.1.1 from lock file\nnpm error Missing: ms@2.1.3 from lock file\nnpm error Missing: locate-path@5.0.0 from lock file\nnpm error Missing: argparse@1.0.10 from lock file\nnpm error Missing: esprima@4.0.1 from lock file\nnpm error Missing: sprintf-js@1.0.3 from lock file\nnpm error Missing: p-locate@4.1.0 from lock file\nnpm error Missing: p-limit@2.3.0 from lock file\nnpm error Missing: p-try@2.2.0 from lock file\nnpm error Missing: semver@6.3.1 from lock file\nnpm error Missing: ms@2.1.3 from lock file\nnpm error Missing: locate-path@5.0.0 from lock file\nnpm error Missing: p-locate@4.1.0 from lock file\nnpm error Missing: p-limit@2.3.0 from lock file\nnpm error\nnpm error Clean install a project\nnpm error\nnpm error Usage:\nnpm error npm ci\nnpm error\nnpm error Options:\nnpm error [--install-strategy <hoisted|nested|shallow|linked>] [--legacy-bundling]\nnpm error [--global-style] [--omit <dev|optional|peer> [--omit <dev|optional|peer> ...]]\nnpm error [--include <prod|dev|optional|peer> [--include <prod|dev|optional|peer> ...]]\nnpm error [--strict-peer-deps] [--foreground-scripts] [--ignore-scripts] [--no-audit]\nnpm error [--no-bin-links] [--no-fund] [--dry-run]\nnpm error [-w|--workspace <workspace-name> [-w|--workspace <workspace-name> ...]]\nnpm error [-ws|--workspaces] [--include-workspace-root] [--install-links]\nnpm error\nnpm error aliases: clean-install, ic, install-clean, isntall-clean\nnpm error\nnpm error Run \"npm help ci\" for more info\nnpm error A complete log of this run can be found in: /www-data-home/.npm/_logs/2025-03-04T18_16_09_129Z-debug-0.log. For more details see the logs at https://console.cloud.google.com/cloud-build/builds;region=us-central1/fca13579-7e18-48dd-b4b3-a87ba1572552?project=572276226266."
    },
    "status": 3,
    "code": 3
  }
}
[debug] [2025-03-04T18:16:50.943Z] Error: Failed to create function helloWorld in region us-central1
    at C:\Users\willi\AppData\Roaming\npm\node_modules\firebase-tools\lib\deploy\functions\release\fabricator.js:294:27
    at process.processTicksAndRejections (node:internal/process/task_queues:95:5)
    at async Fabricator.createV2Function (C:\Users\willi\AppData\Roaming\npm\node_modules\firebase-tools\lib\deploy\functions\release\fabricator.js:278:30)
    at async Fabricator.createEndpoint (C:\Users\willi\AppData\Roaming\npm\node_modules\firebase-tools\lib\deploy\functions\release\fabricator.js:137:13)
    at async handle (C:\Users\willi\AppData\Roaming\npm\node_modules\firebase-tools\lib\deploy\functions\release\fabricator.js:89:17)
[error] 
[error] Error: There was an error deploying functions
